


 记录时间：2018-04-11 22:58:57,027 
日志级别：  ERROR 
出错类：Himall.Core.PluginsManagement.InstallDll  
错误描述：插件复制失败(E:\BaiduNetdiskDownload\多用户商城\himall2.7x\Himall.Web\plugins\Payment\Himall.Plugin.Payment.Alipay.Base.dll)！ 

System.IO.FileNotFoundException: 未找到插件Himall.Plugin.Payment.Alipay.Base的配置文件
   在 Himall.Core.PluginsManagement.AddPluginInfo(FileInfo dllFile)
   在 Himall.Core.PluginsManagement.InstallDll(String dllFileName)



 记录时间：2018-04-11 22:59:34,019 
日志级别：  ERROR 
出错类：Himall.Web.Framework.BaseController.OnException  
错误描述：页面未捕获的异常：Area:Web,Controller:home,Action:Index,id:Get:post: 

System.Data.Entity.Core.MappingException: 概念端类型“Himall.Model.ManagerInfo”中的成员“MemberGradeId”的类型“Edm.Int64”与对象端类型“Himall.Model.ManagerInfo”中的成员“MemberGradeId”的类型“System.Int32”不匹配。
   在 System.Data.Entity.Core.Mapping.DefaultObjectMappingItemCollection.ValidateMembersMatch(EdmMember edmMember, EdmMember objectMember)
   在 System.Data.Entity.Core.Mapping.DefaultObjectMappingItemCollection.LoadEntityTypeOrComplexTypeMapping(ObjectTypeMapping objectMapping, EdmType edmType, EdmType objectType, DefaultObjectMappingItemCollection ocItemCollection, Dictionary`2 typeMappings)
   在 System.Data.Entity.Core.Mapping.DefaultObjectMappingItemCollection.LoadObjectMapping(EdmType edmType, EdmType objectType, DefaultObjectMappingItemCollection ocItemCollection, Dictionary`2 typeMappings)
   在 System.Data.Entity.Core.Mapping.DefaultObjectMappingItemCollection.LoadObjectMapping(EdmType cdmType, EdmType objectType, DefaultObjectMappingItemCollection ocItemCollection)
   在 System.Data.Entity.Core.Mapping.DefaultObjectMappingItemCollection.TryGetMap(String identity, DataSpace typeSpace, Boolean ignoreCase, MappingBase& map)
   在 System.Data.Entity.Core.Mapping.DefaultObjectMappingItemCollection.TryGetMap(String identity, DataSpace typeSpace, MappingBase& map)
   在 System.Data.Entity.Core.Mapping.DefaultObjectMappingItemCollection.TryGetMap(GlobalItem item, MappingBase& map)
   在 System.Data.Entity.Core.Metadata.Edm.MetadataWorkspace.TryGetMap(GlobalItem item, DataSpace dataSpace, MappingBase& map)
   在 System.Data.Entity.Core.Metadata.Edm.MetadataWorkspace.TryGetEdmSpaceType[T](T objectSpaceType, T& edmSpaceType)
   在 System.Data.Entity.Core.Metadata.Edm.MetadataWorkspace.GetEdmSpaceType[T](T objectSpaceType)
   在 System.Data.Entity.Core.Metadata.Edm.MetadataWorkspace.GetEdmSpaceType(StructuralType objectSpaceType)
   在 System.Data.Entity.Internal.InternalContext.UpdateEntitySetMappings()
   在 System.Data.Entity.Internal.InternalContext.TryUpdateEntitySetMappingsForType(Type entityType)
   在 System.Data.Entity.Internal.InternalContext.UpdateEntitySetMappingsForType(Type entityType)
   在 System.Data.Entity.Internal.InternalContext.GetEntitySetAndBaseTypeForType(Type entityType)
   在 System.Data.Entity.Internal.Linq.InternalSet`1.Initialize()
   在 System.Data.Entity.Internal.Linq.InternalSet`1.get_InternalContext()
   在 System.Data.Entity.Infrastructure.DbQuery`1.System.Linq.IQueryable.get_Provider()
   在 System.Linq.Queryable.Where[TSource](IQueryable`1 source, Expression`1 predicate)
   在 Himall.Entity.DbSetExtend.FindAll[TEntity](DbSet`1 dbSet) 位置 E:\BaiduNetdiskDownload\多用户商城\himall2.7x\Himall.Entity\DbSetExtend.cs:行号 20
   在 Himall.Service.SiteSettingService.GetSiteSettings() 位置 E:\BaiduNetdiskDownload\多用户商城\himall2.7x\Himall.Service\System\SiteSettingService.cs:行号 26
   在 Himall.Application.SiteSettingApplication.GetSiteSettings() 位置 C:\Users\QINWEI\Desktop\2.7\himall2.7\himall2.7x\Himall.Application\SiteSettingApplication.cs:行号 23
   在 Himall.Web.Framework.BaseController.get_CurrentSiteSetting() 位置 E:\BaiduNetdiskDownload\多用户商城\himall2.7x\Himall.Web.Framework\BaseControllers\BaseController.cs:行号 405
   在 Himall.Web.Framework.BaseController.OnAuthorization(AuthorizationContext filterContext) 位置 E:\BaiduNetdiskDownload\多用户商城\himall2.7x\Himall.Web.Framework\BaseControllers\BaseController.cs:行号 540
   在 System.Web.Mvc.Controller.System.Web.Mvc.IAuthorizationFilter.OnAuthorization(AuthorizationContext filterContext)
   在 System.Web.Mvc.ControllerActionInvoker.InvokeAuthorizationFilters(ControllerContext controllerContext, IList`1 filters, ActionDescriptor actionDescriptor)
   在 System.Web.Mvc.Async.AsyncControllerActionInvoker.<>c__DisplayClass21.<BeginInvokeAction>b__19(AsyncCallback asyncCallback, Object asyncState)



 记录时间：2018-04-11 23:01:13,026 
日志级别：  ERROR 
出错类：Himall.Core.PluginsManagement.InstallDll  
错误描述：插件复制失败(E:\BaiduNetdiskDownload\多用户商城\himall2.7x\Himall.Web\plugins\Payment\Himall.Plugin.Payment.Alipay.Base.dll)！ 

System.IO.FileNotFoundException: 未找到插件Himall.Plugin.Payment.Alipay.Base的配置文件
   在 Himall.Core.PluginsManagement.AddPluginInfo(FileInfo dllFile)
   在 Himall.Core.PluginsManagement.InstallDll(String dllFileName)
