


 记录时间：2018-04-02 15:11:33,590 
日志级别：  ERROR 
出错类：Himall.Core.PluginsManagement.InstallDll  
错误描述：插件复制失败(C:\Users\QINWEI\Desktop\2.7\himall2.7\himall2.7x\Himall.Web\plugins\Payment\Himall.Plugin.Payment.Alipay.Base.dll)！ 

System.IO.FileNotFoundException: 未找到插件Himall.Plugin.Payment.Alipay.Base的配置文件
   在 Himall.Core.PluginsManagement.AddPluginInfo(FileInfo dllFile)
   在 Himall.Core.PluginsManagement.InstallDll(String dllFileName)



 记录时间：2018-04-02 15:11:52,855 
日志级别：  ERROR 
出错类：Himall.Web.Framework.BaseController.OnException  
错误描述：页面未捕获的异常：Area:Admin,Controller:member,Action:managementList,id:Get:post:keyWords=&gradeId=&mobile=&weChatNick=&status=&page=1&rows=10 

AutoMapper.AutoMapperMappingException: Missing type map configuration or unsupported mapping.

Mapping types:
QueryPageModel`1 -> QueryPageModel`1
Himall.CommonModel.QueryPageModel`1[[Himall.Model.ManagerInfo, Himall.Model, Version=2.7.6664.33555, Culture=neutral, PublicKeyToken=null]] -> Himall.CommonModel.QueryPageModel`1[[Himall.DTO.Manager, Himall.DTO, Version=2.7.6664.33556, Culture=neutral, PublicKeyToken=null]]

Destination path:
QueryPageModel`1

Source value:
Himall.CommonModel.QueryPageModel`1[Himall.Model.ManagerInfo]
   在 AutoMapper.MappingEngine.AutoMapper.IMappingEngineRunner.Map(ResolutionContext context)
   在 AutoMapper.MappingEngine.Map(Object source, Type sourceType, Type destinationType, Action`1 opts)
   在 AutoMapper.MappingEngine.Map[TDestination](Object source, Action`1 opts)
   在 AutoMapper.MappingEngine.Map[TDestination](Object source)
   在 AutoMapper.Mapper.Map[TDestination](Object source)
   在 Himall.Application.ManagerApplication.GetMemberList(ManagerQuery query) 位置 C:\Users\QINWEI\Desktop\2.7\himall2.7\himall2.7x\Himall.Application\ManagerApplication.cs:行号 237
   在 Himall.Web.Areas.Admin.Controllers.MemberController.ManagementList(Int32 page, String keywords, Int32 rows) 位置 C:\Users\QINWEI\Desktop\2.7\himall2.7\himall2.7x\Himall.Web\Areas\Admin\Controllers\MemberController.cs:行号 83
   在 lambda_method(Closure , ControllerBase , Object[] )
   在 System.Web.Mvc.ActionMethodDispatcher.Execute(ControllerBase controller, Object[] parameters)
   在 System.Web.Mvc.ReflectedActionDescriptor.Execute(ControllerContext controllerContext, IDictionary`2 parameters)
   在 System.Web.Mvc.ControllerActionInvoker.InvokeActionMethod(ControllerContext controllerContext, ActionDescriptor actionDescriptor, IDictionary`2 parameters)
   在 System.Web.Mvc.Async.AsyncControllerActionInvoker.<BeginInvokeSynchronousActionMethod>b__39(IAsyncResult asyncResult, ActionInvocation innerInvokeState)
   在 System.Web.Mvc.Async.AsyncResultWrapper.WrappedAsyncResult`2.CallEndDelegate(IAsyncResult asyncResult)
   在 System.Web.Mvc.Async.AsyncResultWrapper.WrappedAsyncResultBase`1.End()
   在 System.Web.Mvc.Async.AsyncControllerActionInvoker.EndInvokeActionMethod(IAsyncResult asyncResult)
   在 System.Web.Mvc.Async.AsyncControllerActionInvoker.AsyncInvocationWithFilters.<InvokeActionMethodFilterAsynchronouslyRecursive>b__3d()
   在 System.Web.Mvc.Async.AsyncControllerActionInvoker.AsyncInvocationWithFilters.<>c__DisplayClass46.<InvokeActionMethodFilterAsynchronouslyRecursive>b__3f()
   在 System.Web.Mvc.Async.AsyncControllerActionInvoker.AsyncInvocationWithFilters.<>c__DisplayClass46.<InvokeActionMethodFilterAsynchronouslyRecursive>b__3f()
   在 System.Web.Mvc.Async.AsyncControllerActionInvoker.<>c__DisplayClass33.<BeginInvokeActionMethodWithFilters>b__32(IAsyncResult asyncResult)
   在 System.Web.Mvc.Async.AsyncResultWrapper.WrappedAsyncResult`1.CallEndDelegate(IAsyncResult asyncResult)
   在 System.Web.Mvc.Async.AsyncResultWrapper.WrappedAsyncResultBase`1.End()
   在 System.Web.Mvc.Async.AsyncControllerActionInvoker.EndInvokeActionMethodWithFilters(IAsyncResult asyncResult)
   在 System.Web.Mvc.Async.AsyncControllerActionInvoker.<>c__DisplayClass21.<>c__DisplayClass2b.<BeginInvokeAction>b__1c()
   在 System.Web.Mvc.Async.AsyncControllerActionInvoker.<>c__DisplayClass21.<BeginInvokeAction>b__1e(IAsyncResult asyncResult)



 记录时间：2018-04-02 15:12:30,109 
日志级别：  ERROR 
出错类：Himall.Core.PluginsManagement.InstallDll  
错误描述：插件复制失败(C:\Users\QINWEI\Desktop\2.7\himall2.7\himall2.7x\Himall.Web\plugins\Payment\Himall.Plugin.Payment.Alipay.Base.dll)！ 

System.IO.FileNotFoundException: 未找到插件Himall.Plugin.Payment.Alipay.Base的配置文件
   在 Himall.Core.PluginsManagement.AddPluginInfo(FileInfo dllFile)
   在 Himall.Core.PluginsManagement.InstallDll(String dllFileName)



 记录时间：2018-04-02 15:16:06,330 
日志级别：  ERROR 
出错类：Himall.Core.PluginsManagement.InstallDll  
错误描述：插件复制失败(C:\Users\QINWEI\Desktop\2.7\himall2.7\himall2.7x\Himall.Web\plugins\Payment\Himall.Plugin.Payment.Alipay.Base.dll)！ 

System.IO.FileNotFoundException: 未找到插件Himall.Plugin.Payment.Alipay.Base的配置文件
   在 Himall.Core.PluginsManagement.AddPluginInfo(FileInfo dllFile)
   在 Himall.Core.PluginsManagement.InstallDll(String dllFileName)



 记录时间：2018-04-02 15:19:33,349 
日志级别：  ERROR 
出错类：Himall.Core.PluginsManagement.InstallDll  
错误描述：插件复制失败(C:\Users\QINWEI\Desktop\2.7\himall2.7\himall2.7x\Himall.Web\plugins\Payment\Himall.Plugin.Payment.Alipay.Base.dll)！ 

System.IO.FileNotFoundException: 未找到插件Himall.Plugin.Payment.Alipay.Base的配置文件
   在 Himall.Core.PluginsManagement.AddPluginInfo(FileInfo dllFile)
   在 Himall.Core.PluginsManagement.InstallDll(String dllFileName)



 记录时间：2018-04-02 15:20:41,157 
日志级别：  ERROR 
出错类：Himall.Web.Framework.BaseController.OnException  
错误描述：页面未捕获的异常：Area:Admin,Controller:member,Action:managementList,id:Get:post:keyWords=&gradeId=&mobile=&weChatNick=&status=&page=1&rows=10 

System.InvalidOperationException: 未找到视图“managementList”或其母版视图，或没有视图引擎支持搜索的位置。搜索了以下位置: 
~/Areas/Admin/Views/member/managementList.aspx
~/Areas/Admin/Views/member/managementList.ascx
~/Areas/Admin/Views/Shared/managementList.aspx
~/Areas/Admin/Views/Shared/managementList.ascx
~/Views/member/managementList.aspx
~/Views/member/managementList.ascx
~/Views/Shared/managementList.aspx
~/Views/Shared/managementList.ascx
~/Areas/Admin/Views/member/managementList.cshtml
~/Areas/Admin/Views/member/managementList.vbhtml
~/Areas/Admin/Views/Shared/managementList.cshtml
~/Areas/Admin/Views/Shared/managementList.vbhtml
~/Views/member/managementList.cshtml
~/Views/member/managementList.vbhtml
~/Views/Shared/managementList.cshtml
~/Views/Shared/managementList.vbhtml
   在 System.Web.Mvc.ViewResult.FindView(ControllerContext context)
   在 System.Web.Mvc.ViewResultBase.ExecuteResult(ControllerContext context)
   在 System.Web.Mvc.ControllerActionInvoker.InvokeActionResult(ControllerContext controllerContext, ActionResult actionResult)
   在 System.Web.Mvc.ControllerActionInvoker.InvokeActionResultFilterRecursive(IList`1 filters, Int32 filterIndex, ResultExecutingContext preContext, ControllerContext controllerContext, ActionResult actionResult)
   在 System.Web.Mvc.ControllerActionInvoker.InvokeActionResultFilterRecursive(IList`1 filters, Int32 filterIndex, ResultExecutingContext preContext, ControllerContext controllerContext, ActionResult actionResult)
   在 System.Web.Mvc.ControllerActionInvoker.InvokeActionResultFilterRecursive(IList`1 filters, Int32 filterIndex, ResultExecutingContext preContext, ControllerContext controllerContext, ActionResult actionResult)
   在 System.Web.Mvc.ControllerActionInvoker.InvokeActionResultWithFilters(ControllerContext controllerContext, IList`1 filters, ActionResult actionResult)
   在 System.Web.Mvc.Async.AsyncControllerActionInvoker.<>c__DisplayClass21.<>c__DisplayClass2b.<BeginInvokeAction>b__1c()
   在 System.Web.Mvc.Async.AsyncControllerActionInvoker.<>c__DisplayClass21.<BeginInvokeAction>b__1e(IAsyncResult asyncResult)



 记录时间：2018-04-02 15:20:48,160 
日志级别：  ERROR 
出错类：Himall.Web.Framework.BaseController.OnException  
错误描述：页面未捕获的异常：Area:Admin,Controller:member,Action:managementList,id:Get:post:keyWords=&gradeId=&mobile=&weChatNick=&status=&page=1&rows=10 

System.InvalidOperationException: 未找到视图“managementList”或其母版视图，或没有视图引擎支持搜索的位置。搜索了以下位置: 
~/Areas/Admin/Views/member/managementList.aspx
~/Areas/Admin/Views/member/managementList.ascx
~/Areas/Admin/Views/Shared/managementList.aspx
~/Areas/Admin/Views/Shared/managementList.ascx
~/Views/member/managementList.aspx
~/Views/member/managementList.ascx
~/Views/Shared/managementList.aspx
~/Views/Shared/managementList.ascx
~/Areas/Admin/Views/member/managementList.cshtml
~/Areas/Admin/Views/member/managementList.vbhtml
~/Areas/Admin/Views/Shared/managementList.cshtml
~/Areas/Admin/Views/Shared/managementList.vbhtml
~/Views/member/managementList.cshtml
~/Views/member/managementList.vbhtml
~/Views/Shared/managementList.cshtml
~/Views/Shared/managementList.vbhtml
   在 System.Web.Mvc.ViewResult.FindView(ControllerContext context)
   在 System.Web.Mvc.ViewResultBase.ExecuteResult(ControllerContext context)
   在 System.Web.Mvc.ControllerActionInvoker.InvokeActionResult(ControllerContext controllerContext, ActionResult actionResult)
   在 System.Web.Mvc.ControllerActionInvoker.InvokeActionResultFilterRecursive(IList`1 filters, Int32 filterIndex, ResultExecutingContext preContext, ControllerContext controllerContext, ActionResult actionResult)
   在 System.Web.Mvc.ControllerActionInvoker.InvokeActionResultFilterRecursive(IList`1 filters, Int32 filterIndex, ResultExecutingContext preContext, ControllerContext controllerContext, ActionResult actionResult)
   在 System.Web.Mvc.ControllerActionInvoker.InvokeActionResultFilterRecursive(IList`1 filters, Int32 filterIndex, ResultExecutingContext preContext, ControllerContext controllerContext, ActionResult actionResult)
   在 System.Web.Mvc.ControllerActionInvoker.InvokeActionResultWithFilters(ControllerContext controllerContext, IList`1 filters, ActionResult actionResult)
   在 System.Web.Mvc.Async.AsyncControllerActionInvoker.<>c__DisplayClass21.<>c__DisplayClass2b.<BeginInvokeAction>b__1c()
   在 System.Web.Mvc.Async.AsyncControllerActionInvoker.<>c__DisplayClass21.<BeginInvokeAction>b__1e(IAsyncResult asyncResult)



 记录时间：2018-04-02 15:21:37,263 
日志级别：  ERROR 
出错类：Himall.Web.Framework.BaseController.OnException  
错误描述：页面未捕获的异常：Area:Admin,Controller:member,Action:managementList,id:Get:post:keyWords=&gradeId=&mobile=&weChatNick=&status=&page=1&rows=10 

System.InvalidOperationException: 未找到视图“managementList”或其母版视图，或没有视图引擎支持搜索的位置。搜索了以下位置: 
~/Areas/Admin/Views/member/managementList.aspx
~/Areas/Admin/Views/member/managementList.ascx
~/Areas/Admin/Views/Shared/managementList.aspx
~/Areas/Admin/Views/Shared/managementList.ascx
~/Views/member/managementList.aspx
~/Views/member/managementList.ascx
~/Views/Shared/managementList.aspx
~/Views/Shared/managementList.ascx
~/Areas/Admin/Views/member/managementList.cshtml
~/Areas/Admin/Views/member/managementList.vbhtml
~/Areas/Admin/Views/Shared/managementList.cshtml
~/Areas/Admin/Views/Shared/managementList.vbhtml
~/Views/member/managementList.cshtml
~/Views/member/managementList.vbhtml
~/Views/Shared/managementList.cshtml
~/Views/Shared/managementList.vbhtml
   在 System.Web.Mvc.ViewResult.FindView(ControllerContext context)
   在 System.Web.Mvc.ViewResultBase.ExecuteResult(ControllerContext context)
   在 System.Web.Mvc.ControllerActionInvoker.InvokeActionResult(ControllerContext controllerContext, ActionResult actionResult)
   在 System.Web.Mvc.ControllerActionInvoker.InvokeActionResultFilterRecursive(IList`1 filters, Int32 filterIndex, ResultExecutingContext preContext, ControllerContext controllerContext, ActionResult actionResult)
   在 System.Web.Mvc.ControllerActionInvoker.InvokeActionResultFilterRecursive(IList`1 filters, Int32 filterIndex, ResultExecutingContext preContext, ControllerContext controllerContext, ActionResult actionResult)
   在 System.Web.Mvc.ControllerActionInvoker.InvokeActionResultFilterRecursive(IList`1 filters, Int32 filterIndex, ResultExecutingContext preContext, ControllerContext controllerContext, ActionResult actionResult)
   在 System.Web.Mvc.ControllerActionInvoker.InvokeActionResultWithFilters(ControllerContext controllerContext, IList`1 filters, ActionResult actionResult)
   在 System.Web.Mvc.Async.AsyncControllerActionInvoker.<>c__DisplayClass21.<>c__DisplayClass2b.<BeginInvokeAction>b__1c()
   在 System.Web.Mvc.Async.AsyncControllerActionInvoker.<>c__DisplayClass21.<BeginInvokeAction>b__1e(IAsyncResult asyncResult)



 记录时间：2018-04-02 15:25:06,985 
日志级别：  ERROR 
出错类：Himall.Core.PluginsManagement.InstallDll  
错误描述：插件复制失败(C:\Users\QINWEI\Desktop\2.7\himall2.7\himall2.7x\Himall.Web\plugins\Payment\Himall.Plugin.Payment.Alipay.Base.dll)！ 

System.IO.FileNotFoundException: 未找到插件Himall.Plugin.Payment.Alipay.Base的配置文件
   在 Himall.Core.PluginsManagement.AddPluginInfo(FileInfo dllFile)
   在 Himall.Core.PluginsManagement.InstallDll(String dllFileName)



 记录时间：2018-04-02 15:25:34,759 
日志级别：  ERROR 
出错类：Himall.Web.Framework.BaseController.OnException  
错误描述：页面未捕获的异常：Area:Admin,Controller:member,Action:managementList,id:Get:post:keyWords=&gradeId=&mobile=&weChatNick=&status=&page=1&rows=10 

System.InvalidOperationException: 未找到视图“managementList”或其母版视图，或没有视图引擎支持搜索的位置。搜索了以下位置: 
~/Areas/Admin/Views/member/managementList.aspx
~/Areas/Admin/Views/member/managementList.ascx
~/Areas/Admin/Views/Shared/managementList.aspx
~/Areas/Admin/Views/Shared/managementList.ascx
~/Views/member/managementList.aspx
~/Views/member/managementList.ascx
~/Views/Shared/managementList.aspx
~/Views/Shared/managementList.ascx
~/Areas/Admin/Views/member/managementList.cshtml
~/Areas/Admin/Views/member/managementList.vbhtml
~/Areas/Admin/Views/Shared/managementList.cshtml
~/Areas/Admin/Views/Shared/managementList.vbhtml
~/Views/member/managementList.cshtml
~/Views/member/managementList.vbhtml
~/Views/Shared/managementList.cshtml
~/Views/Shared/managementList.vbhtml
   在 System.Web.Mvc.ViewResult.FindView(ControllerContext context)
   在 System.Web.Mvc.ViewResultBase.ExecuteResult(ControllerContext context)
   在 System.Web.Mvc.ControllerActionInvoker.InvokeActionResult(ControllerContext controllerContext, ActionResult actionResult)
   在 System.Web.Mvc.ControllerActionInvoker.InvokeActionResultFilterRecursive(IList`1 filters, Int32 filterIndex, ResultExecutingContext preContext, ControllerContext controllerContext, ActionResult actionResult)
   在 System.Web.Mvc.ControllerActionInvoker.InvokeActionResultFilterRecursive(IList`1 filters, Int32 filterIndex, ResultExecutingContext preContext, ControllerContext controllerContext, ActionResult actionResult)
   在 System.Web.Mvc.ControllerActionInvoker.InvokeActionResultFilterRecursive(IList`1 filters, Int32 filterIndex, ResultExecutingContext preContext, ControllerContext controllerContext, ActionResult actionResult)
   在 System.Web.Mvc.ControllerActionInvoker.InvokeActionResultWithFilters(ControllerContext controllerContext, IList`1 filters, ActionResult actionResult)
   在 System.Web.Mvc.Async.AsyncControllerActionInvoker.<>c__DisplayClass21.<>c__DisplayClass2b.<BeginInvokeAction>b__1c()
   在 System.Web.Mvc.Async.AsyncControllerActionInvoker.<>c__DisplayClass21.<BeginInvokeAction>b__1e(IAsyncResult asyncResult)



 记录时间：2018-04-02 15:25:43,131 
日志级别：  ERROR 
出错类：Himall.Web.Framework.BaseController.OnException  
错误描述：页面未捕获的异常：Area:Admin,Controller:member,Action:managementList,id:Get:post:keyWords=&gradeId=&mobile=&weChatNick=&status=&page=1&rows=10 

System.InvalidOperationException: 未找到视图“managementList”或其母版视图，或没有视图引擎支持搜索的位置。搜索了以下位置: 
~/Areas/Admin/Views/member/managementList.aspx
~/Areas/Admin/Views/member/managementList.ascx
~/Areas/Admin/Views/Shared/managementList.aspx
~/Areas/Admin/Views/Shared/managementList.ascx
~/Views/member/managementList.aspx
~/Views/member/managementList.ascx
~/Views/Shared/managementList.aspx
~/Views/Shared/managementList.ascx
~/Areas/Admin/Views/member/managementList.cshtml
~/Areas/Admin/Views/member/managementList.vbhtml
~/Areas/Admin/Views/Shared/managementList.cshtml
~/Areas/Admin/Views/Shared/managementList.vbhtml
~/Views/member/managementList.cshtml
~/Views/member/managementList.vbhtml
~/Views/Shared/managementList.cshtml
~/Views/Shared/managementList.vbhtml
   在 System.Web.Mvc.ViewResult.FindView(ControllerContext context)
   在 System.Web.Mvc.ViewResultBase.ExecuteResult(ControllerContext context)
   在 System.Web.Mvc.ControllerActionInvoker.InvokeActionResult(ControllerContext controllerContext, ActionResult actionResult)
   在 System.Web.Mvc.ControllerActionInvoker.InvokeActionResultFilterRecursive(IList`1 filters, Int32 filterIndex, ResultExecutingContext preContext, ControllerContext controllerContext, ActionResult actionResult)
   在 System.Web.Mvc.ControllerActionInvoker.InvokeActionResultFilterRecursive(IList`1 filters, Int32 filterIndex, ResultExecutingContext preContext, ControllerContext controllerContext, ActionResult actionResult)
   在 System.Web.Mvc.ControllerActionInvoker.InvokeActionResultFilterRecursive(IList`1 filters, Int32 filterIndex, ResultExecutingContext preContext, ControllerContext controllerContext, ActionResult actionResult)
   在 System.Web.Mvc.ControllerActionInvoker.InvokeActionResultWithFilters(ControllerContext controllerContext, IList`1 filters, ActionResult actionResult)
   在 System.Web.Mvc.Async.AsyncControllerActionInvoker.<>c__DisplayClass21.<>c__DisplayClass2b.<BeginInvokeAction>b__1c()
   在 System.Web.Mvc.Async.AsyncControllerActionInvoker.<>c__DisplayClass21.<BeginInvokeAction>b__1e(IAsyncResult asyncResult)



 记录时间：2018-04-02 15:26:10,644 
日志级别：  ERROR 
出错类：Himall.Web.Framework.BaseController.OnException  
错误描述：页面未捕获的异常：Area:Admin,Controller:member,Action:managementList,id:Get:post:keyWords=&gradeId=&mobile=&weChatNick=&status=&page=1&rows=10 

System.InvalidOperationException: 未找到视图“managementList”或其母版视图，或没有视图引擎支持搜索的位置。搜索了以下位置: 
~/Areas/Admin/Views/member/managementList.aspx
~/Areas/Admin/Views/member/managementList.ascx
~/Areas/Admin/Views/Shared/managementList.aspx
~/Areas/Admin/Views/Shared/managementList.ascx
~/Views/member/managementList.aspx
~/Views/member/managementList.ascx
~/Views/Shared/managementList.aspx
~/Views/Shared/managementList.ascx
~/Areas/Admin/Views/member/managementList.cshtml
~/Areas/Admin/Views/member/managementList.vbhtml
~/Areas/Admin/Views/Shared/managementList.cshtml
~/Areas/Admin/Views/Shared/managementList.vbhtml
~/Views/member/managementList.cshtml
~/Views/member/managementList.vbhtml
~/Views/Shared/managementList.cshtml
~/Views/Shared/managementList.vbhtml
   在 System.Web.Mvc.ViewResult.FindView(ControllerContext context)
   在 System.Web.Mvc.ViewResultBase.ExecuteResult(ControllerContext context)
   在 System.Web.Mvc.ControllerActionInvoker.InvokeActionResult(ControllerContext controllerContext, ActionResult actionResult)
   在 System.Web.Mvc.ControllerActionInvoker.InvokeActionResultFilterRecursive(IList`1 filters, Int32 filterIndex, ResultExecutingContext preContext, ControllerContext controllerContext, ActionResult actionResult)
   在 System.Web.Mvc.ControllerActionInvoker.InvokeActionResultFilterRecursive(IList`1 filters, Int32 filterIndex, ResultExecutingContext preContext, ControllerContext controllerContext, ActionResult actionResult)
   在 System.Web.Mvc.ControllerActionInvoker.InvokeActionResultFilterRecursive(IList`1 filters, Int32 filterIndex, ResultExecutingContext preContext, ControllerContext controllerContext, ActionResult actionResult)
   在 System.Web.Mvc.ControllerActionInvoker.InvokeActionResultWithFilters(ControllerContext controllerContext, IList`1 filters, ActionResult actionResult)
   在 System.Web.Mvc.Async.AsyncControllerActionInvoker.<>c__DisplayClass21.<>c__DisplayClass2b.<BeginInvokeAction>b__1c()
   在 System.Web.Mvc.Async.AsyncControllerActionInvoker.<>c__DisplayClass21.<BeginInvokeAction>b__1e(IAsyncResult asyncResult)



 记录时间：2018-04-02 15:28:29,461 
日志级别：  ERROR 
出错类：Himall.Web.Framework.BaseController.OnException  
错误描述：页面未捕获的异常：Area:Admin,Controller:member,Action:managementList,id:Get:post:keyWords=&gradeId=&mobile=&weChatNick=&status=&page=1&rows=10 

System.InvalidOperationException: 未找到视图“managementList”或其母版视图，或没有视图引擎支持搜索的位置。搜索了以下位置: 
~/Areas/Admin/Views/member/managementList.aspx
~/Areas/Admin/Views/member/managementList.ascx
~/Areas/Admin/Views/Shared/managementList.aspx
~/Areas/Admin/Views/Shared/managementList.ascx
~/Views/member/managementList.aspx
~/Views/member/managementList.ascx
~/Views/Shared/managementList.aspx
~/Views/Shared/managementList.ascx
~/Areas/Admin/Views/member/managementList.cshtml
~/Areas/Admin/Views/member/managementList.vbhtml
~/Areas/Admin/Views/Shared/managementList.cshtml
~/Areas/Admin/Views/Shared/managementList.vbhtml
~/Views/member/managementList.cshtml
~/Views/member/managementList.vbhtml
~/Views/Shared/managementList.cshtml
~/Views/Shared/managementList.vbhtml
   在 System.Web.Mvc.ViewResult.FindView(ControllerContext context)
   在 System.Web.Mvc.ViewResultBase.ExecuteResult(ControllerContext context)
   在 System.Web.Mvc.ControllerActionInvoker.InvokeActionResult(ControllerContext controllerContext, ActionResult actionResult)
   在 System.Web.Mvc.ControllerActionInvoker.InvokeActionResultFilterRecursive(IList`1 filters, Int32 filterIndex, ResultExecutingContext preContext, ControllerContext controllerContext, ActionResult actionResult)
   在 System.Web.Mvc.ControllerActionInvoker.InvokeActionResultFilterRecursive(IList`1 filters, Int32 filterIndex, ResultExecutingContext preContext, ControllerContext controllerContext, ActionResult actionResult)
   在 System.Web.Mvc.ControllerActionInvoker.InvokeActionResultFilterRecursive(IList`1 filters, Int32 filterIndex, ResultExecutingContext preContext, ControllerContext controllerContext, ActionResult actionResult)
   在 System.Web.Mvc.ControllerActionInvoker.InvokeActionResultWithFilters(ControllerContext controllerContext, IList`1 filters, ActionResult actionResult)
   在 System.Web.Mvc.Async.AsyncControllerActionInvoker.<>c__DisplayClass21.<>c__DisplayClass2b.<BeginInvokeAction>b__1c()
   在 System.Web.Mvc.Async.AsyncControllerActionInvoker.<>c__DisplayClass21.<BeginInvokeAction>b__1e(IAsyncResult asyncResult)



 记录时间：2018-04-02 15:29:45,172 
日志级别：  ERROR 
出错类：Himall.Core.PluginsManagement.InstallDll  
错误描述：插件复制失败(C:\Users\QINWEI\Desktop\2.7\himall2.7\himall2.7x\Himall.Web\plugins\Payment\Himall.Plugin.Payment.Alipay.Base.dll)！ 

System.IO.FileNotFoundException: 未找到插件Himall.Plugin.Payment.Alipay.Base的配置文件
   在 Himall.Core.PluginsManagement.AddPluginInfo(FileInfo dllFile)
   在 Himall.Core.PluginsManagement.InstallDll(String dllFileName)



 记录时间：2018-04-02 15:29:56,210 
日志级别：  ERROR 
出错类：Himall.Web.Framework.BaseController.OnException  
错误描述：页面未捕获的异常：Area:Web,Controller:home,Action:Index,id:Get:post: 

System.MissingMethodException: 找不到方法:“Boolean System.Web.WebPages.BuildManagerWrapper.IsNonUpdateablePrecompiledApp(System.Web.Hosting.VirtualPathProvider, Microsoft.Internal.Web.Utils.IVirtualPathUtility)”。
   在 System.Web.Mvc.BuildManagerViewEngine.GetPrecompiledNonUpdateable()
   在 System.Threading.LazyInitializer.EnsureInitializedCore[T](T& target, Boolean& initialized, Object& syncLock, Func`1 valueFactory)
   在 System.Web.Mvc.BuildManagerViewEngine.get_IsPrecompiledNonUpdateableSite()
   在 System.Web.Mvc.BuildManagerViewEngine.FileExists(ControllerContext controllerContext, String virtualPath)
   在 System.Web.Mvc.VirtualPathProviderViewEngine.<>c__DisplayClass7.<GetPathFromGeneralName>b__3(String path)
   在 System.Web.WebPages.DefaultDisplayMode.GetDisplayInfo(HttpContextBase httpContext, String virtualPath, Func`2 virtualPathExists)
   在 System.Web.WebPages.DisplayModeProvider.GetDisplayInfoForVirtualPath(String virtualPath, HttpContextBase httpContext, Func`2 virtualPathExists, IDisplayMode currentDisplayMode, Boolean requireConsistentDisplayMode)
   在 System.Web.Mvc.VirtualPathProviderViewEngine.GetPathFromGeneralName(ControllerContext controllerContext, List`1 locations, String name, String controllerName, String areaName, String cacheKey, String[]& searchedLocations)
   在 System.Web.Mvc.VirtualPathProviderViewEngine.GetPath(ControllerContext controllerContext, String[] locations, String[] areaLocations, String locationsPropertyName, String name, String controllerName, String cacheKeyPrefix, Boolean useCache, String[]& searchedLocations)
   在 System.Web.Mvc.VirtualPathProviderViewEngine.FindView(ControllerContext controllerContext, String viewName, String masterName, Boolean useCache)
   在 System.Web.Mvc.ViewEngineCollection.<>c__DisplayClass6.<FindView>b__5(IViewEngine e)
   在 System.Web.Mvc.ViewEngineCollection.Find(Func`2 lookup, Boolean trackSearchedPaths)
   在 System.Web.Mvc.ViewEngineCollection.FindView(ControllerContext controllerContext, String viewName, String masterName)
   在 Himall.Web.Areas.Web.Controllers.HomeController.Index() 位置 C:\Users\QINWEI\Desktop\2.7\himall2.7\himall2.7x\Himall.Web\Areas\Web\Controllers\HomeController.cs:行号 78
   在 lambda_method(Closure , ControllerBase , Object[] )
   在 System.Web.Mvc.ActionMethodDispatcher.Execute(ControllerBase controller, Object[] parameters)
   在 System.Web.Mvc.ReflectedActionDescriptor.Execute(ControllerContext controllerContext, IDictionary`2 parameters)
   在 System.Web.Mvc.ControllerActionInvoker.InvokeActionMethod(ControllerContext controllerContext, ActionDescriptor actionDescriptor, IDictionary`2 parameters)
   在 System.Web.Mvc.Async.AsyncControllerActionInvoker.<BeginInvokeSynchronousActionMethod>b__39(IAsyncResult asyncResult, ActionInvocation innerInvokeState)
   在 System.Web.Mvc.Async.AsyncResultWrapper.WrappedAsyncResult`2.CallEndDelegate(IAsyncResult asyncResult)
   在 System.Web.Mvc.Async.AsyncResultWrapper.WrappedAsyncResultBase`1.End()
   在 System.Web.Mvc.Async.AsyncControllerActionInvoker.EndInvokeActionMethod(IAsyncResult asyncResult)
   在 System.Web.Mvc.Async.AsyncControllerActionInvoker.AsyncInvocationWithFilters.<InvokeActionMethodFilterAsynchronouslyRecursive>b__3d()
   在 System.Web.Mvc.Async.AsyncControllerActionInvoker.AsyncInvocationWithFilters.<>c__DisplayClass46.<InvokeActionMethodFilterAsynchronouslyRecursive>b__3f()
   在 System.Web.Mvc.Async.AsyncControllerActionInvoker.AsyncInvocationWithFilters.<>c__DisplayClass46.<InvokeActionMethodFilterAsynchronouslyRecursive>b__3f()
   在 System.Web.Mvc.Async.AsyncControllerActionInvoker.AsyncInvocationWithFilters.<>c__DisplayClass46.<InvokeActionMethodFilterAsynchronouslyRecursive>b__3f()
   在 System.Web.Mvc.Async.AsyncControllerActionInvoker.<>c__DisplayClass33.<BeginInvokeActionMethodWithFilters>b__32(IAsyncResult asyncResult)
   在 System.Web.Mvc.Async.AsyncResultWrapper.WrappedAsyncResult`1.CallEndDelegate(IAsyncResult asyncResult)
   在 System.Web.Mvc.Async.AsyncResultWrapper.WrappedAsyncResultBase`1.End()
   在 System.Web.Mvc.Async.AsyncControllerActionInvoker.EndInvokeActionMethodWithFilters(IAsyncResult asyncResult)
   在 System.Web.Mvc.Async.AsyncControllerActionInvoker.<>c__DisplayClass21.<>c__DisplayClass2b.<BeginInvokeAction>b__1c()
   在 System.Web.Mvc.Async.AsyncControllerActionInvoker.<>c__DisplayClass21.<BeginInvokeAction>b__1e(IAsyncResult asyncResult)



 记录时间：2018-04-02 15:31:23,304 
日志级别：  ERROR 
出错类：Himall.Core.PluginsManagement.InstallDll  
错误描述：插件复制失败(C:\Users\QINWEI\Desktop\2.7\himall2.7\himall2.7x\Himall.Web\plugins\Payment\Himall.Plugin.Payment.Alipay.Base.dll)！ 

System.IO.FileNotFoundException: 未找到插件Himall.Plugin.Payment.Alipay.Base的配置文件
   在 Himall.Core.PluginsManagement.AddPluginInfo(FileInfo dllFile)
   在 Himall.Core.PluginsManagement.InstallDll(String dllFileName)



 记录时间：2018-04-02 17:01:40,329 
日志级别：  ERROR 
出错类：Himall.Core.PluginsManagement.InstallDll  
错误描述：插件复制失败(C:\Users\QINWEI\Desktop\2.7\himall2.7\himall2.7x\Himall.Web\plugins\Payment\Himall.Plugin.Payment.Alipay.Base.dll)！ 

System.IO.FileNotFoundException: 未找到插件Himall.Plugin.Payment.Alipay.Base的配置文件
   在 Himall.Core.PluginsManagement.AddPluginInfo(FileInfo dllFile)
   在 Himall.Core.PluginsManagement.InstallDll(String dllFileName)



 记录时间：2018-04-02 17:06:20,699 
日志级别：  ERROR 
出错类：Himall.Core.PluginsManagement.InstallDll  
错误描述：插件复制失败(C:\Users\QINWEI\Desktop\2.7\himall2.7\himall2.7x\Himall.Web\plugins\Payment\Himall.Plugin.Payment.Alipay.Base.dll)！ 

System.IO.FileNotFoundException: 未找到插件Himall.Plugin.Payment.Alipay.Base的配置文件
   在 Himall.Core.PluginsManagement.AddPluginInfo(FileInfo dllFile)
   在 Himall.Core.PluginsManagement.InstallDll(String dllFileName)



 记录时间：2018-04-02 17:06:22,030 
日志级别：  ERROR 
出错类：Himall.Web.Framework.BaseController.OnException  
错误描述：页面未捕获的异常：Area:Admin,Controller:Member,Action:Detail,id:Get:post: 

System.ArgumentException: 对于“Himall.Web.Areas.Admin.Controllers.MemberController”中方法“System.Web.Mvc.ActionResult Detail(Int64)”的不可以为 null 的类型“System.Int64”的参数“id”，参数字典包含一个 null 项。可选参数必须为引用类型、可以为 null 的类型或声明为可选参数。
参数名: parameters
   在 System.Web.Mvc.ActionDescriptor.ExtractParameterFromDictionary(ParameterInfo parameterInfo, IDictionary`2 parameters, MethodInfo methodInfo)
   在 System.Web.Mvc.ReflectedActionDescriptor.Execute(ControllerContext controllerContext, IDictionary`2 parameters)
   在 System.Web.Mvc.ControllerActionInvoker.InvokeActionMethod(ControllerContext controllerContext, ActionDescriptor actionDescriptor, IDictionary`2 parameters)
   在 System.Web.Mvc.Async.AsyncControllerActionInvoker.<BeginInvokeSynchronousActionMethod>b__39(IAsyncResult asyncResult, ActionInvocation innerInvokeState)
   在 System.Web.Mvc.Async.AsyncResultWrapper.WrappedAsyncResult`2.CallEndDelegate(IAsyncResult asyncResult)
   在 System.Web.Mvc.Async.AsyncResultWrapper.WrappedAsyncResultBase`1.End()
   在 System.Web.Mvc.Async.AsyncControllerActionInvoker.EndInvokeActionMethod(IAsyncResult asyncResult)
   在 System.Web.Mvc.Async.AsyncControllerActionInvoker.AsyncInvocationWithFilters.<InvokeActionMethodFilterAsynchronouslyRecursive>b__3d()
   在 System.Web.Mvc.Async.AsyncControllerActionInvoker.AsyncInvocationWithFilters.<>c__DisplayClass46.<InvokeActionMethodFilterAsynchronouslyRecursive>b__3f()
   在 System.Web.Mvc.Async.AsyncControllerActionInvoker.AsyncInvocationWithFilters.<>c__DisplayClass46.<InvokeActionMethodFilterAsynchronouslyRecursive>b__3f()
   在 System.Web.Mvc.Async.AsyncControllerActionInvoker.<>c__DisplayClass33.<BeginInvokeActionMethodWithFilters>b__32(IAsyncResult asyncResult)
   在 System.Web.Mvc.Async.AsyncResultWrapper.WrappedAsyncResult`1.CallEndDelegate(IAsyncResult asyncResult)
   在 System.Web.Mvc.Async.AsyncResultWrapper.WrappedAsyncResultBase`1.End()
   在 System.Web.Mvc.Async.AsyncControllerActionInvoker.EndInvokeActionMethodWithFilters(IAsyncResult asyncResult)
   在 System.Web.Mvc.Async.AsyncControllerActionInvoker.<>c__DisplayClass21.<>c__DisplayClass2b.<BeginInvokeAction>b__1c()
   在 System.Web.Mvc.Async.AsyncControllerActionInvoker.<>c__DisplayClass21.<BeginInvokeAction>b__1e(IAsyncResult asyncResult)



 记录时间：2018-04-02 17:08:32,059 
日志级别：  ERROR 
出错类：Himall.Core.PluginsManagement.InstallDll  
错误描述：插件复制失败(C:\Users\QINWEI\Desktop\2.7\himall2.7\himall2.7x\Himall.Web\plugins\Payment\Himall.Plugin.Payment.Alipay.Base.dll)！ 

System.IO.FileNotFoundException: 未找到插件Himall.Plugin.Payment.Alipay.Base的配置文件
   在 Himall.Core.PluginsManagement.AddPluginInfo(FileInfo dllFile)
   在 Himall.Core.PluginsManagement.InstallDll(String dllFileName)



 记录时间：2018-04-02 17:13:29,203 
日志级别：  ERROR 
出错类：Himall.Core.PluginsManagement.InstallDll  
错误描述：插件复制失败(C:\Users\QINWEI\Desktop\2.7\himall2.7\himall2.7x\Himall.Web\plugins\Payment\Himall.Plugin.Payment.Alipay.Base.dll)！ 

System.IO.FileNotFoundException: 未找到插件Himall.Plugin.Payment.Alipay.Base的配置文件
   在 Himall.Core.PluginsManagement.AddPluginInfo(FileInfo dllFile)
   在 Himall.Core.PluginsManagement.InstallDll(String dllFileName)



 记录时间：2018-04-02 17:57:02,032 
日志级别：  ERROR 
出错类：Himall.Core.PluginsManagement.InstallDll  
错误描述：插件复制失败(C:\Users\QINWEI\Desktop\2.7\himall2.7\himall2.7x\Himall.Web\plugins\Payment\Himall.Plugin.Payment.Alipay.Base.dll)！ 

System.IO.FileNotFoundException: 未找到插件Himall.Plugin.Payment.Alipay.Base的配置文件
   在 Himall.Core.PluginsManagement.AddPluginInfo(FileInfo dllFile)
   在 Himall.Core.PluginsManagement.InstallDll(String dllFileName)



 记录时间：2018-04-02 18:00:16,598 
日志级别：  ERROR 
出错类：Himall.Web.Framework.BaseController.OnException  
错误描述：页面未捕获的异常：Area:Admin,Controller:member,Action:managementAuth,id:Get:post: 

System.Web.HttpCompileException (0x80004005): c:\Users\QINWEI\Desktop\2.7\himall2.7\himall2.7x\Himall.Web\Areas\Admin\Views\Member\ManagementAuth.cshtml(5): error CS0103: 当前上下文中不存在名称“labelinfos”
   在 System.Web.Compilation.AssemblyBuilder.Compile()
   在 System.Web.Compilation.BuildProvidersCompiler.PerformBuild()
   在 System.Web.Compilation.BuildManager.CompileWebFile(VirtualPath virtualPath)
   在 System.Web.Compilation.BuildManager.GetVPathBuildResultInternal(VirtualPath virtualPath, Boolean noBuild, Boolean allowCrossApp, Boolean allowBuildInPrecompile, Boolean throwIfNotFound, Boolean ensureIsUpToDate)
   在 System.Web.Compilation.BuildManager.GetVPathBuildResultWithNoAssert(HttpContext context, VirtualPath virtualPath, Boolean noBuild, Boolean allowCrossApp, Boolean allowBuildInPrecompile, Boolean throwIfNotFound, Boolean ensureIsUpToDate)
   在 System.Web.Compilation.BuildManager.GetVirtualPathObjectFactory(VirtualPath virtualPath, HttpContext context, Boolean allowCrossApp, Boolean throwIfNotFound)
   在 System.Web.Compilation.BuildManager.GetCompiledType(VirtualPath virtualPath)
   在 System.Web.Compilation.BuildManager.GetCompiledType(String virtualPath)
   在 System.Web.Mvc.BuildManagerWrapper.System.Web.Mvc.IBuildManager.GetCompiledType(String virtualPath)
   在 System.Web.Mvc.BuildManagerCompiledView.Render(ViewContext viewContext, TextWriter writer)
   在 System.Web.Mvc.ViewResultBase.ExecuteResult(ControllerContext context)
   在 System.Web.Mvc.ControllerActionInvoker.InvokeActionResult(ControllerContext controllerContext, ActionResult actionResult)
   在 System.Web.Mvc.ControllerActionInvoker.InvokeActionResultFilterRecursive(IList`1 filters, Int32 filterIndex, ResultExecutingContext preContext, ControllerContext controllerContext, ActionResult actionResult)
   在 System.Web.Mvc.ControllerActionInvoker.InvokeActionResultFilterRecursive(IList`1 filters, Int32 filterIndex, ResultExecutingContext preContext, ControllerContext controllerContext, ActionResult actionResult)
   在 System.Web.Mvc.ControllerActionInvoker.InvokeActionResultFilterRecursive(IList`1 filters, Int32 filterIndex, ResultExecutingContext preContext, ControllerContext controllerContext, ActionResult actionResult)
   在 System.Web.Mvc.ControllerActionInvoker.InvokeActionResultWithFilters(ControllerContext controllerContext, IList`1 filters, ActionResult actionResult)
   在 System.Web.Mvc.Async.AsyncControllerActionInvoker.<>c__DisplayClass21.<>c__DisplayClass2b.<BeginInvokeAction>b__1c()
   在 System.Web.Mvc.Async.AsyncControllerActionInvoker.<>c__DisplayClass21.<BeginInvokeAction>b__1e(IAsyncResult asyncResult)



 记录时间：2018-04-02 18:00:39,882 
日志级别：  ERROR 
出错类：Himall.Web.Framework.BaseController.OnException  
错误描述：页面未捕获的异常：Area:Admin,Controller:member,Action:managementAuth,id:Get:post: 

System.Web.HttpCompileException (0x80004005): c:\Users\QINWEI\Desktop\2.7\himall2.7\himall2.7x\Himall.Web\Areas\Admin\Views\Member\ManagementAuth.cshtml(5): error CS0103: 当前上下文中不存在名称“labelinfos”
   在 System.Web.Compilation.AssemblyBuilder.Compile()
   在 System.Web.Compilation.BuildProvidersCompiler.PerformBuild()
   在 System.Web.Compilation.BuildManager.CompileWebFile(VirtualPath virtualPath)
   在 System.Web.Compilation.BuildManager.GetVPathBuildResultInternal(VirtualPath virtualPath, Boolean noBuild, Boolean allowCrossApp, Boolean allowBuildInPrecompile, Boolean throwIfNotFound, Boolean ensureIsUpToDate)
   在 System.Web.Compilation.BuildManager.GetVPathBuildResultWithNoAssert(HttpContext context, VirtualPath virtualPath, Boolean noBuild, Boolean allowCrossApp, Boolean allowBuildInPrecompile, Boolean throwIfNotFound, Boolean ensureIsUpToDate)
   在 System.Web.Compilation.BuildManager.GetVirtualPathObjectFactory(VirtualPath virtualPath, HttpContext context, Boolean allowCrossApp, Boolean throwIfNotFound)
   在 System.Web.Compilation.BuildManager.GetCompiledType(VirtualPath virtualPath)
   在 System.Web.Compilation.BuildManager.GetCompiledType(String virtualPath)
   在 System.Web.Mvc.BuildManagerWrapper.System.Web.Mvc.IBuildManager.GetCompiledType(String virtualPath)
   在 System.Web.Mvc.BuildManagerCompiledView.Render(ViewContext viewContext, TextWriter writer)
   在 System.Web.Mvc.ViewResultBase.ExecuteResult(ControllerContext context)
   在 System.Web.Mvc.ControllerActionInvoker.InvokeActionResult(ControllerContext controllerContext, ActionResult actionResult)
   在 System.Web.Mvc.ControllerActionInvoker.InvokeActionResultFilterRecursive(IList`1 filters, Int32 filterIndex, ResultExecutingContext preContext, ControllerContext controllerContext, ActionResult actionResult)
   在 System.Web.Mvc.ControllerActionInvoker.InvokeActionResultFilterRecursive(IList`1 filters, Int32 filterIndex, ResultExecutingContext preContext, ControllerContext controllerContext, ActionResult actionResult)
   在 System.Web.Mvc.ControllerActionInvoker.InvokeActionResultFilterRecursive(IList`1 filters, Int32 filterIndex, ResultExecutingContext preContext, ControllerContext controllerContext, ActionResult actionResult)
   在 System.Web.Mvc.ControllerActionInvoker.InvokeActionResultWithFilters(ControllerContext controllerContext, IList`1 filters, ActionResult actionResult)
   在 System.Web.Mvc.Async.AsyncControllerActionInvoker.<>c__DisplayClass21.<>c__DisplayClass2b.<BeginInvokeAction>b__1c()
   在 System.Web.Mvc.Async.AsyncControllerActionInvoker.<>c__DisplayClass21.<BeginInvokeAction>b__1e(IAsyncResult asyncResult)



 记录时间：2018-04-02 18:00:52,729 
日志级别：  ERROR 
出错类：Himall.Web.Framework.BaseController.OnException  
错误描述：页面未捕获的异常：Area:Admin,Controller:member,Action:managementAuth,id:Get:post: 

System.Web.HttpCompileException (0x80004005): c:\Users\QINWEI\Desktop\2.7\himall2.7\himall2.7x\Himall.Web\Areas\Admin\Views\Member\ManagementAuth.cshtml(5): error CS0103: 当前上下文中不存在名称“labelinfos”
   在 System.Web.Compilation.AssemblyBuilder.Compile()
   在 System.Web.Compilation.BuildProvidersCompiler.PerformBuild()
   在 System.Web.Compilation.BuildManager.CompileWebFile(VirtualPath virtualPath)
   在 System.Web.Compilation.BuildManager.GetVPathBuildResultInternal(VirtualPath virtualPath, Boolean noBuild, Boolean allowCrossApp, Boolean allowBuildInPrecompile, Boolean throwIfNotFound, Boolean ensureIsUpToDate)
   在 System.Web.Compilation.BuildManager.GetVPathBuildResultWithNoAssert(HttpContext context, VirtualPath virtualPath, Boolean noBuild, Boolean allowCrossApp, Boolean allowBuildInPrecompile, Boolean throwIfNotFound, Boolean ensureIsUpToDate)
   在 System.Web.Compilation.BuildManager.GetVirtualPathObjectFactory(VirtualPath virtualPath, HttpContext context, Boolean allowCrossApp, Boolean throwIfNotFound)
   在 System.Web.Compilation.BuildManager.GetCompiledType(VirtualPath virtualPath)
   在 System.Web.Compilation.BuildManager.GetCompiledType(String virtualPath)
   在 System.Web.Mvc.BuildManagerWrapper.System.Web.Mvc.IBuildManager.GetCompiledType(String virtualPath)
   在 System.Web.Mvc.BuildManagerCompiledView.Render(ViewContext viewContext, TextWriter writer)
   在 System.Web.Mvc.ViewResultBase.ExecuteResult(ControllerContext context)
   在 System.Web.Mvc.ControllerActionInvoker.InvokeActionResult(ControllerContext controllerContext, ActionResult actionResult)
   在 System.Web.Mvc.ControllerActionInvoker.InvokeActionResultFilterRecursive(IList`1 filters, Int32 filterIndex, ResultExecutingContext preContext, ControllerContext controllerContext, ActionResult actionResult)
   在 System.Web.Mvc.ControllerActionInvoker.InvokeActionResultFilterRecursive(IList`1 filters, Int32 filterIndex, ResultExecutingContext preContext, ControllerContext controllerContext, ActionResult actionResult)
   在 System.Web.Mvc.ControllerActionInvoker.InvokeActionResultFilterRecursive(IList`1 filters, Int32 filterIndex, ResultExecutingContext preContext, ControllerContext controllerContext, ActionResult actionResult)
   在 System.Web.Mvc.ControllerActionInvoker.InvokeActionResultWithFilters(ControllerContext controllerContext, IList`1 filters, ActionResult actionResult)
   在 System.Web.Mvc.Async.AsyncControllerActionInvoker.<>c__DisplayClass21.<>c__DisplayClass2b.<BeginInvokeAction>b__1c()
   在 System.Web.Mvc.Async.AsyncControllerActionInvoker.<>c__DisplayClass21.<BeginInvokeAction>b__1e(IAsyncResult asyncResult)



 记录时间：2018-04-02 18:01:12,630 
日志级别：  ERROR 
出错类：Himall.Web.Framework.BaseController.OnException  
错误描述：页面未捕获的异常：Area:Admin,Controller:member,Action:managementAuth,id:Get:post: 

System.Web.HttpCompileException (0x80004005): c:\Users\QINWEI\Desktop\2.7\himall2.7\himall2.7x\Himall.Web\Areas\Admin\Views\Member\ManagementAuth.cshtml(5): error CS0103: 当前上下文中不存在名称“labelinfos”
   在 System.Web.Compilation.AssemblyBuilder.Compile()
   在 System.Web.Compilation.BuildProvidersCompiler.PerformBuild()
   在 System.Web.Compilation.BuildManager.CompileWebFile(VirtualPath virtualPath)
   在 System.Web.Compilation.BuildManager.GetVPathBuildResultInternal(VirtualPath virtualPath, Boolean noBuild, Boolean allowCrossApp, Boolean allowBuildInPrecompile, Boolean throwIfNotFound, Boolean ensureIsUpToDate)
   在 System.Web.Compilation.BuildManager.GetVPathBuildResultWithNoAssert(HttpContext context, VirtualPath virtualPath, Boolean noBuild, Boolean allowCrossApp, Boolean allowBuildInPrecompile, Boolean throwIfNotFound, Boolean ensureIsUpToDate)
   在 System.Web.Compilation.BuildManager.GetVirtualPathObjectFactory(VirtualPath virtualPath, HttpContext context, Boolean allowCrossApp, Boolean throwIfNotFound)
   在 System.Web.Compilation.BuildManager.GetCompiledType(VirtualPath virtualPath)
   在 System.Web.Compilation.BuildManager.GetCompiledType(String virtualPath)
   在 System.Web.Mvc.BuildManagerWrapper.System.Web.Mvc.IBuildManager.GetCompiledType(String virtualPath)
   在 System.Web.Mvc.BuildManagerCompiledView.Render(ViewContext viewContext, TextWriter writer)
   在 System.Web.Mvc.ViewResultBase.ExecuteResult(ControllerContext context)
   在 System.Web.Mvc.ControllerActionInvoker.InvokeActionResult(ControllerContext controllerContext, ActionResult actionResult)
   在 System.Web.Mvc.ControllerActionInvoker.InvokeActionResultFilterRecursive(IList`1 filters, Int32 filterIndex, ResultExecutingContext preContext, ControllerContext controllerContext, ActionResult actionResult)
   在 System.Web.Mvc.ControllerActionInvoker.InvokeActionResultFilterRecursive(IList`1 filters, Int32 filterIndex, ResultExecutingContext preContext, ControllerContext controllerContext, ActionResult actionResult)
   在 System.Web.Mvc.ControllerActionInvoker.InvokeActionResultFilterRecursive(IList`1 filters, Int32 filterIndex, ResultExecutingContext preContext, ControllerContext controllerContext, ActionResult actionResult)
   在 System.Web.Mvc.ControllerActionInvoker.InvokeActionResultWithFilters(ControllerContext controllerContext, IList`1 filters, ActionResult actionResult)
   在 System.Web.Mvc.Async.AsyncControllerActionInvoker.<>c__DisplayClass21.<>c__DisplayClass2b.<BeginInvokeAction>b__1c()
   在 System.Web.Mvc.Async.AsyncControllerActionInvoker.<>c__DisplayClass21.<BeginInvokeAction>b__1e(IAsyncResult asyncResult)



 记录时间：2018-04-02 18:01:28,751 
日志级别：  ERROR 
出错类：Himall.Web.Framework.BaseController.OnException  
错误描述：页面未捕获的异常：Area:Admin,Controller:member,Action:managementAuth,id:Get:post: 

System.Web.HttpCompileException (0x80004005): c:\Users\QINWEI\Desktop\2.7\himall2.7\himall2.7x\Himall.Web\Areas\Admin\Views\Member\ManagementAuth.cshtml(5): error CS0103: 当前上下文中不存在名称“labelinfos”
   在 System.Web.Compilation.AssemblyBuilder.Compile()
   在 System.Web.Compilation.BuildProvidersCompiler.PerformBuild()
   在 System.Web.Compilation.BuildManager.CompileWebFile(VirtualPath virtualPath)
   在 System.Web.Compilation.BuildManager.GetVPathBuildResultInternal(VirtualPath virtualPath, Boolean noBuild, Boolean allowCrossApp, Boolean allowBuildInPrecompile, Boolean throwIfNotFound, Boolean ensureIsUpToDate)
   在 System.Web.Compilation.BuildManager.GetVPathBuildResultWithNoAssert(HttpContext context, VirtualPath virtualPath, Boolean noBuild, Boolean allowCrossApp, Boolean allowBuildInPrecompile, Boolean throwIfNotFound, Boolean ensureIsUpToDate)
   在 System.Web.Compilation.BuildManager.GetVirtualPathObjectFactory(VirtualPath virtualPath, HttpContext context, Boolean allowCrossApp, Boolean throwIfNotFound)
   在 System.Web.Compilation.BuildManager.GetCompiledType(VirtualPath virtualPath)
   在 System.Web.Compilation.BuildManager.GetCompiledType(String virtualPath)
   在 System.Web.Mvc.BuildManagerWrapper.System.Web.Mvc.IBuildManager.GetCompiledType(String virtualPath)
   在 System.Web.Mvc.BuildManagerCompiledView.Render(ViewContext viewContext, TextWriter writer)
   在 System.Web.Mvc.ViewResultBase.ExecuteResult(ControllerContext context)
   在 System.Web.Mvc.ControllerActionInvoker.InvokeActionResult(ControllerContext controllerContext, ActionResult actionResult)
   在 System.Web.Mvc.ControllerActionInvoker.InvokeActionResultFilterRecursive(IList`1 filters, Int32 filterIndex, ResultExecutingContext preContext, ControllerContext controllerContext, ActionResult actionResult)
   在 System.Web.Mvc.ControllerActionInvoker.InvokeActionResultFilterRecursive(IList`1 filters, Int32 filterIndex, ResultExecutingContext preContext, ControllerContext controllerContext, ActionResult actionResult)
   在 System.Web.Mvc.ControllerActionInvoker.InvokeActionResultFilterRecursive(IList`1 filters, Int32 filterIndex, ResultExecutingContext preContext, ControllerContext controllerContext, ActionResult actionResult)
   在 System.Web.Mvc.ControllerActionInvoker.InvokeActionResultWithFilters(ControllerContext controllerContext, IList`1 filters, ActionResult actionResult)
   在 System.Web.Mvc.Async.AsyncControllerActionInvoker.<>c__DisplayClass21.<>c__DisplayClass2b.<BeginInvokeAction>b__1c()
   在 System.Web.Mvc.Async.AsyncControllerActionInvoker.<>c__DisplayClass21.<BeginInvokeAction>b__1e(IAsyncResult asyncResult)



 记录时间：2018-04-02 18:02:32,555 
日志级别：  ERROR 
出错类：Himall.Web.Framework.BaseController.OnException  
错误描述：页面未捕获的异常：Area:Admin,Controller:member,Action:managementAuth,id:Get:post: 

Microsoft.CSharp.RuntimeBinder.RuntimeBinderException: “Himall.DTO.MemberGrade”未包含“LabelName”的定义
   在 CallSite.Target(Closure , CallSite , Object )
   在 System.Dynamic.UpdateDelegates.UpdateAndExecute1[T0,TRet](CallSite site, T0 arg0)
   在 ASP._Page_Areas_Admin_Views_member_ManagementAuth_cshtml.Execute() 位置 c:\Users\QINWEI\Desktop\2.7\himall2.7\himall2.7x\Himall.Web\Areas\Admin\Views\Member\ManagementAuth.cshtml:行号 121
   在 System.Web.WebPages.WebPageBase.ExecutePageHierarchy()
   在 System.Web.Mvc.WebViewPage.ExecutePageHierarchy()
   在 System.Web.WebPages.StartPage.RunPage()
   在 System.Web.WebPages.StartPage.ExecutePageHierarchy()
   在 System.Web.WebPages.WebPageBase.ExecutePageHierarchy(WebPageContext pageContext, TextWriter writer, WebPageRenderingBase startPage)
   在 System.Web.Mvc.RazorView.RenderView(ViewContext viewContext, TextWriter writer, Object instance)
   在 System.Web.Mvc.BuildManagerCompiledView.Render(ViewContext viewContext, TextWriter writer)
   在 System.Web.Mvc.ViewResultBase.ExecuteResult(ControllerContext context)
   在 System.Web.Mvc.ControllerActionInvoker.InvokeActionResult(ControllerContext controllerContext, ActionResult actionResult)
   在 System.Web.Mvc.ControllerActionInvoker.InvokeActionResultFilterRecursive(IList`1 filters, Int32 filterIndex, ResultExecutingContext preContext, ControllerContext controllerContext, ActionResult actionResult)
   在 System.Web.Mvc.ControllerActionInvoker.InvokeActionResultFilterRecursive(IList`1 filters, Int32 filterIndex, ResultExecutingContext preContext, ControllerContext controllerContext, ActionResult actionResult)
   在 System.Web.Mvc.ControllerActionInvoker.InvokeActionResultFilterRecursive(IList`1 filters, Int32 filterIndex, ResultExecutingContext preContext, ControllerContext controllerContext, ActionResult actionResult)
   在 System.Web.Mvc.ControllerActionInvoker.InvokeActionResultWithFilters(ControllerContext controllerContext, IList`1 filters, ActionResult actionResult)
   在 System.Web.Mvc.Async.AsyncControllerActionInvoker.<>c__DisplayClass21.<>c__DisplayClass2b.<BeginInvokeAction>b__1c()
   在 System.Web.Mvc.Async.AsyncControllerActionInvoker.<>c__DisplayClass21.<BeginInvokeAction>b__1e(IAsyncResult asyncResult)



 记录时间：2018-04-02 18:31:35,167 
日志级别：  ERROR 
出错类：Himall.Web.Framework.BaseController.OnException  
错误描述：页面未捕获的异常：Area:Admin,Controller:member,Action:managementAuth,id:Get:post: 

System.Web.HttpCompileException (0x80004005): c:\Users\QINWEI\Desktop\2.7\himall2.7\himall2.7x\Himall.Web\Areas\Admin\Views\Member\ManagementAuth.cshtml(120): error CS1003: 语法错误，应输入“(”
   在 System.Web.Compilation.AssemblyBuilder.Compile()
   在 System.Web.Compilation.BuildProvidersCompiler.PerformBuild()
   在 System.Web.Compilation.BuildManager.CompileWebFile(VirtualPath virtualPath)
   在 System.Web.Compilation.BuildManager.GetVPathBuildResultInternal(VirtualPath virtualPath, Boolean noBuild, Boolean allowCrossApp, Boolean allowBuildInPrecompile, Boolean throwIfNotFound, Boolean ensureIsUpToDate)
   在 System.Web.Compilation.BuildManager.GetVPathBuildResultWithNoAssert(HttpContext context, VirtualPath virtualPath, Boolean noBuild, Boolean allowCrossApp, Boolean allowBuildInPrecompile, Boolean throwIfNotFound, Boolean ensureIsUpToDate)
   在 System.Web.Compilation.BuildManager.GetVirtualPathObjectFactory(VirtualPath virtualPath, HttpContext context, Boolean allowCrossApp, Boolean throwIfNotFound)
   在 System.Web.Compilation.BuildManager.GetCompiledType(VirtualPath virtualPath)
   在 System.Web.Compilation.BuildManager.GetCompiledType(String virtualPath)
   在 System.Web.Mvc.BuildManagerWrapper.System.Web.Mvc.IBuildManager.GetCompiledType(String virtualPath)
   在 System.Web.Mvc.BuildManagerCompiledView.Render(ViewContext viewContext, TextWriter writer)
   在 System.Web.Mvc.ViewResultBase.ExecuteResult(ControllerContext context)
   在 System.Web.Mvc.ControllerActionInvoker.InvokeActionResult(ControllerContext controllerContext, ActionResult actionResult)
   在 System.Web.Mvc.ControllerActionInvoker.InvokeActionResultFilterRecursive(IList`1 filters, Int32 filterIndex, ResultExecutingContext preContext, ControllerContext controllerContext, ActionResult actionResult)
   在 System.Web.Mvc.ControllerActionInvoker.InvokeActionResultFilterRecursive(IList`1 filters, Int32 filterIndex, ResultExecutingContext preContext, ControllerContext controllerContext, ActionResult actionResult)
   在 System.Web.Mvc.ControllerActionInvoker.InvokeActionResultFilterRecursive(IList`1 filters, Int32 filterIndex, ResultExecutingContext preContext, ControllerContext controllerContext, ActionResult actionResult)
   在 System.Web.Mvc.ControllerActionInvoker.InvokeActionResultWithFilters(ControllerContext controllerContext, IList`1 filters, ActionResult actionResult)
   在 System.Web.Mvc.Async.AsyncControllerActionInvoker.<>c__DisplayClass21.<>c__DisplayClass2b.<BeginInvokeAction>b__1c()
   在 System.Web.Mvc.Async.AsyncControllerActionInvoker.<>c__DisplayClass21.<BeginInvokeAction>b__1e(IAsyncResult asyncResult)



 记录时间：2018-04-02 18:35:15,294 
日志级别：  ERROR 
出错类：Himall.Web.Framework.BaseController.OnException  
错误描述：页面未捕获的异常：Area:Admin,Controller:member,Action:managementAuth,id:Get:post: 

System.InvalidOperationException: 模板只能用于字段访问、属性访问、一维数组索引或单参数自定义索引器表达式。
   在 System.Web.Mvc.ModelMetadata.FromLambdaExpression[TParameter,TValue](Expression`1 expression, ViewDataDictionary`1 viewData, ModelMetadataProvider metadataProvider)
   在 System.Web.Mvc.ModelMetadata.FromLambdaExpression[TParameter,TValue](Expression`1 expression, ViewDataDictionary`1 viewData)
   在 System.Web.Mvc.Html.InputExtensions.RadioButtonFor[TModel,TProperty](HtmlHelper`1 htmlHelper, Expression`1 expression, Object value, IDictionary`2 htmlAttributes)
   在 System.Web.Mvc.Html.InputExtensions.RadioButtonFor[TModel,TProperty](HtmlHelper`1 htmlHelper, Expression`1 expression, Object value, Object htmlAttributes)
   在 ASP._Page_Areas_Admin_Views_member_ManagementAuth_cshtml.Execute() 位置 c:\Users\QINWEI\Desktop\2.7\himall2.7\himall2.7x\Himall.Web\Areas\Admin\Views\Member\ManagementAuth.cshtml:行号 121
   在 System.Web.WebPages.WebPageBase.ExecutePageHierarchy()
   在 System.Web.Mvc.WebViewPage.ExecutePageHierarchy()
   在 System.Web.WebPages.StartPage.RunPage()
   在 System.Web.WebPages.StartPage.ExecutePageHierarchy()
   在 System.Web.WebPages.WebPageBase.ExecutePageHierarchy(WebPageContext pageContext, TextWriter writer, WebPageRenderingBase startPage)
   在 System.Web.Mvc.RazorView.RenderView(ViewContext viewContext, TextWriter writer, Object instance)
   在 System.Web.Mvc.BuildManagerCompiledView.Render(ViewContext viewContext, TextWriter writer)
   在 System.Web.Mvc.ViewResultBase.ExecuteResult(ControllerContext context)
   在 System.Web.Mvc.ControllerActionInvoker.InvokeActionResult(ControllerContext controllerContext, ActionResult actionResult)
   在 System.Web.Mvc.ControllerActionInvoker.InvokeActionResultFilterRecursive(IList`1 filters, Int32 filterIndex, ResultExecutingContext preContext, ControllerContext controllerContext, ActionResult actionResult)
   在 System.Web.Mvc.ControllerActionInvoker.InvokeActionResultFilterRecursive(IList`1 filters, Int32 filterIndex, ResultExecutingContext preContext, ControllerContext controllerContext, ActionResult actionResult)
   在 System.Web.Mvc.ControllerActionInvoker.InvokeActionResultFilterRecursive(IList`1 filters, Int32 filterIndex, ResultExecutingContext preContext, ControllerContext controllerContext, ActionResult actionResult)
   在 System.Web.Mvc.ControllerActionInvoker.InvokeActionResultWithFilters(ControllerContext controllerContext, IList`1 filters, ActionResult actionResult)
   在 System.Web.Mvc.Async.AsyncControllerActionInvoker.<>c__DisplayClass21.<>c__DisplayClass2b.<BeginInvokeAction>b__1c()
   在 System.Web.Mvc.Async.AsyncControllerActionInvoker.<>c__DisplayClass21.<BeginInvokeAction>b__1e(IAsyncResult asyncResult)



 记录时间：2018-04-02 18:53:48,405 
日志级别：  ERROR 
出错类：Himall.Core.PluginsManagement.InstallDll  
错误描述：插件复制失败(C:\Users\QINWEI\Desktop\2.7\himall2.7\himall2.7x\Himall.Web\plugins\Payment\Himall.Plugin.Payment.Alipay.Base.dll)！ 

System.IO.FileNotFoundException: 未找到插件Himall.Plugin.Payment.Alipay.Base的配置文件
   在 Himall.Core.PluginsManagement.AddPluginInfo(FileInfo dllFile)
   在 Himall.Core.PluginsManagement.InstallDll(String dllFileName)



 记录时间：2018-04-02 19:06:09,732 
日志级别：  ERROR 
出错类：Himall.Web.Framework.BaseController.OnException  
错误描述：页面未捕获的异常：Area:Admin,Controller:member,Action:managementAuth,id:Get:post: 

Microsoft.CSharp.RuntimeBinder.RuntimeBinderException: “Himall.DTO.MemberGrade”未包含“id”的定义
   在 CallSite.Target(Closure , CallSite , Object )
   在 System.Dynamic.UpdateDelegates.UpdateAndExecute1[T0,TRet](CallSite site, T0 arg0)
   在 ASP._Page_Areas_Admin_Views_member_ManagementAuth_cshtml.Execute() 位置 c:\Users\QINWEI\Desktop\2.7\himall2.7\himall2.7x\Himall.Web\Areas\Admin\Views\Member\ManagementAuth.cshtml:行号 121
   在 System.Web.WebPages.WebPageBase.ExecutePageHierarchy()
   在 System.Web.Mvc.WebViewPage.ExecutePageHierarchy()
   在 System.Web.WebPages.StartPage.RunPage()
   在 System.Web.WebPages.StartPage.ExecutePageHierarchy()
   在 System.Web.WebPages.WebPageBase.ExecutePageHierarchy(WebPageContext pageContext, TextWriter writer, WebPageRenderingBase startPage)
   在 System.Web.Mvc.RazorView.RenderView(ViewContext viewContext, TextWriter writer, Object instance)
   在 System.Web.Mvc.BuildManagerCompiledView.Render(ViewContext viewContext, TextWriter writer)
   在 System.Web.Mvc.ViewResultBase.ExecuteResult(ControllerContext context)
   在 System.Web.Mvc.ControllerActionInvoker.InvokeActionResult(ControllerContext controllerContext, ActionResult actionResult)
   在 System.Web.Mvc.ControllerActionInvoker.InvokeActionResultFilterRecursive(IList`1 filters, Int32 filterIndex, ResultExecutingContext preContext, ControllerContext controllerContext, ActionResult actionResult)
   在 System.Web.Mvc.ControllerActionInvoker.InvokeActionResultFilterRecursive(IList`1 filters, Int32 filterIndex, ResultExecutingContext preContext, ControllerContext controllerContext, ActionResult actionResult)
   在 System.Web.Mvc.ControllerActionInvoker.InvokeActionResultFilterRecursive(IList`1 filters, Int32 filterIndex, ResultExecutingContext preContext, ControllerContext controllerContext, ActionResult actionResult)
   在 System.Web.Mvc.ControllerActionInvoker.InvokeActionResultWithFilters(ControllerContext controllerContext, IList`1 filters, ActionResult actionResult)
   在 System.Web.Mvc.Async.AsyncControllerActionInvoker.<>c__DisplayClass21.<>c__DisplayClass2b.<BeginInvokeAction>b__1c()
   在 System.Web.Mvc.Async.AsyncControllerActionInvoker.<>c__DisplayClass21.<BeginInvokeAction>b__1e(IAsyncResult asyncResult)



 记录时间：2018-04-02 19:21:22,469 
日志级别：  ERROR 
出错类：Himall.Web.Framework.BaseController.OnException  
错误描述：页面未捕获的异常：Area:Admin,Controller:member,Action:MemberDetail,id:Get:post: 

System.NullReferenceException: 未将对象引用设置到对象的实例。
   在 Himall.Application.MemberApplication.GetMembers(Int64 UserId) 位置 C:\Users\QINWEI\Desktop\2.7\himall2.7\himall2.7x\Himall.Application\MemberApplication.cs:行号 221
   在 Himall.Web.Areas.Admin.Controllers.MemberController.MemberDetail(Int64 id) 位置 C:\Users\QINWEI\Desktop\2.7\himall2.7\himall2.7x\Himall.Web\Areas\Admin\Controllers\MemberController.cs:行号 161
   在 lambda_method(Closure , ControllerBase , Object[] )
   在 System.Web.Mvc.ActionMethodDispatcher.Execute(ControllerBase controller, Object[] parameters)
   在 System.Web.Mvc.ReflectedActionDescriptor.Execute(ControllerContext controllerContext, IDictionary`2 parameters)
   在 System.Web.Mvc.ControllerActionInvoker.InvokeActionMethod(ControllerContext controllerContext, ActionDescriptor actionDescriptor, IDictionary`2 parameters)
   在 System.Web.Mvc.Async.AsyncControllerActionInvoker.<BeginInvokeSynchronousActionMethod>b__39(IAsyncResult asyncResult, ActionInvocation innerInvokeState)
   在 System.Web.Mvc.Async.AsyncResultWrapper.WrappedAsyncResult`2.CallEndDelegate(IAsyncResult asyncResult)
   在 System.Web.Mvc.Async.AsyncResultWrapper.WrappedAsyncResultBase`1.End()
   在 System.Web.Mvc.Async.AsyncControllerActionInvoker.EndInvokeActionMethod(IAsyncResult asyncResult)
   在 System.Web.Mvc.Async.AsyncControllerActionInvoker.AsyncInvocationWithFilters.<InvokeActionMethodFilterAsynchronouslyRecursive>b__3d()
   在 System.Web.Mvc.Async.AsyncControllerActionInvoker.AsyncInvocationWithFilters.<>c__DisplayClass46.<InvokeActionMethodFilterAsynchronouslyRecursive>b__3f()
   在 System.Web.Mvc.Async.AsyncControllerActionInvoker.AsyncInvocationWithFilters.<>c__DisplayClass46.<InvokeActionMethodFilterAsynchronouslyRecursive>b__3f()
   在 System.Web.Mvc.Async.AsyncControllerActionInvoker.<>c__DisplayClass33.<BeginInvokeActionMethodWithFilters>b__32(IAsyncResult asyncResult)
   在 System.Web.Mvc.Async.AsyncResultWrapper.WrappedAsyncResult`1.CallEndDelegate(IAsyncResult asyncResult)
   在 System.Web.Mvc.Async.AsyncResultWrapper.WrappedAsyncResultBase`1.End()
   在 System.Web.Mvc.Async.AsyncControllerActionInvoker.EndInvokeActionMethodWithFilters(IAsyncResult asyncResult)
   在 System.Web.Mvc.Async.AsyncControllerActionInvoker.<>c__DisplayClass21.<>c__DisplayClass2b.<BeginInvokeAction>b__1c()
   在 System.Web.Mvc.Async.AsyncControllerActionInvoker.<>c__DisplayClass21.<BeginInvokeAction>b__1e(IAsyncResult asyncResult)



 记录时间：2018-04-02 19:21:28,347 
日志级别：  ERROR 
出错类：Himall.Web.Framework.BaseController.OnException  
错误描述：页面未捕获的异常：Area:Admin,Controller:member,Action:MemberDetail,id:Get:post: 

System.NullReferenceException: 未将对象引用设置到对象的实例。
   在 Himall.Application.MemberApplication.GetMembers(Int64 UserId) 位置 C:\Users\QINWEI\Desktop\2.7\himall2.7\himall2.7x\Himall.Application\MemberApplication.cs:行号 221
   在 Himall.Web.Areas.Admin.Controllers.MemberController.MemberDetail(Int64 id) 位置 C:\Users\QINWEI\Desktop\2.7\himall2.7\himall2.7x\Himall.Web\Areas\Admin\Controllers\MemberController.cs:行号 161
   在 lambda_method(Closure , ControllerBase , Object[] )
   在 System.Web.Mvc.ActionMethodDispatcher.Execute(ControllerBase controller, Object[] parameters)
   在 System.Web.Mvc.ReflectedActionDescriptor.Execute(ControllerContext controllerContext, IDictionary`2 parameters)
   在 System.Web.Mvc.ControllerActionInvoker.InvokeActionMethod(ControllerContext controllerContext, ActionDescriptor actionDescriptor, IDictionary`2 parameters)
   在 System.Web.Mvc.Async.AsyncControllerActionInvoker.<BeginInvokeSynchronousActionMethod>b__39(IAsyncResult asyncResult, ActionInvocation innerInvokeState)
   在 System.Web.Mvc.Async.AsyncResultWrapper.WrappedAsyncResult`2.CallEndDelegate(IAsyncResult asyncResult)
   在 System.Web.Mvc.Async.AsyncResultWrapper.WrappedAsyncResultBase`1.End()
   在 System.Web.Mvc.Async.AsyncControllerActionInvoker.EndInvokeActionMethod(IAsyncResult asyncResult)
   在 System.Web.Mvc.Async.AsyncControllerActionInvoker.AsyncInvocationWithFilters.<InvokeActionMethodFilterAsynchronouslyRecursive>b__3d()
   在 System.Web.Mvc.Async.AsyncControllerActionInvoker.AsyncInvocationWithFilters.<>c__DisplayClass46.<InvokeActionMethodFilterAsynchronouslyRecursive>b__3f()
   在 System.Web.Mvc.Async.AsyncControllerActionInvoker.AsyncInvocationWithFilters.<>c__DisplayClass46.<InvokeActionMethodFilterAsynchronouslyRecursive>b__3f()
   在 System.Web.Mvc.Async.AsyncControllerActionInvoker.<>c__DisplayClass33.<BeginInvokeActionMethodWithFilters>b__32(IAsyncResult asyncResult)
   在 System.Web.Mvc.Async.AsyncResultWrapper.WrappedAsyncResult`1.CallEndDelegate(IAsyncResult asyncResult)
   在 System.Web.Mvc.Async.AsyncResultWrapper.WrappedAsyncResultBase`1.End()
   在 System.Web.Mvc.Async.AsyncControllerActionInvoker.EndInvokeActionMethodWithFilters(IAsyncResult asyncResult)
   在 System.Web.Mvc.Async.AsyncControllerActionInvoker.<>c__DisplayClass21.<>c__DisplayClass2b.<BeginInvokeAction>b__1c()
   在 System.Web.Mvc.Async.AsyncControllerActionInvoker.<>c__DisplayClass21.<BeginInvokeAction>b__1e(IAsyncResult asyncResult)



 记录时间：2018-04-02 19:29:09,371 
日志级别：  ERROR 
出错类：Himall.Core.PluginsManagement.InstallDll  
错误描述：插件复制失败(C:\Users\QINWEI\Desktop\2.7\himall2.7\himall2.7x\Himall.Web\plugins\Payment\Himall.Plugin.Payment.Alipay.Base.dll)！ 

System.IO.FileNotFoundException: 未找到插件Himall.Plugin.Payment.Alipay.Base的配置文件
   在 Himall.Core.PluginsManagement.AddPluginInfo(FileInfo dllFile)
   在 Himall.Core.PluginsManagement.InstallDll(String dllFileName)



 记录时间：2018-04-02 19:29:43,629 
日志级别：  ERROR 
出错类：Himall.Web.Framework.BaseController.OnException  
错误描述：页面未捕获的异常：Area:Admin,Controller:Member,Action:ManagementAuth,id:Get:post: 

Microsoft.CSharp.RuntimeBinder.RuntimeBinderException: 无法将类型“long”隐式转换为“int”。存在一个显式转换(是否缺少强制转换?)
   在 CallSite.Target(Closure , CallSite , Object )
   在 System.Dynamic.UpdateDelegates.UpdateAndExecute1[T0,TRet](CallSite site, T0 arg0)
   在 ASP._Page_Areas_Admin_Views_Member_ManagementAuth_cshtml.Execute() 位置 c:\Users\QINWEI\Desktop\2.7\himall2.7\himall2.7x\Himall.Web\Areas\Admin\Views\Member\ManagementAuth.cshtml:行号 119
   在 System.Web.WebPages.WebPageBase.ExecutePageHierarchy()
   在 System.Web.Mvc.WebViewPage.ExecutePageHierarchy()
   在 System.Web.WebPages.StartPage.RunPage()
   在 System.Web.WebPages.StartPage.ExecutePageHierarchy()
   在 System.Web.WebPages.WebPageBase.ExecutePageHierarchy(WebPageContext pageContext, TextWriter writer, WebPageRenderingBase startPage)
   在 System.Web.Mvc.RazorView.RenderView(ViewContext viewContext, TextWriter writer, Object instance)
   在 System.Web.Mvc.BuildManagerCompiledView.Render(ViewContext viewContext, TextWriter writer)
   在 System.Web.Mvc.ViewResultBase.ExecuteResult(ControllerContext context)
   在 System.Web.Mvc.ControllerActionInvoker.InvokeActionResult(ControllerContext controllerContext, ActionResult actionResult)
   在 System.Web.Mvc.ControllerActionInvoker.InvokeActionResultFilterRecursive(IList`1 filters, Int32 filterIndex, ResultExecutingContext preContext, ControllerContext controllerContext, ActionResult actionResult)
   在 System.Web.Mvc.ControllerActionInvoker.InvokeActionResultFilterRecursive(IList`1 filters, Int32 filterIndex, ResultExecutingContext preContext, ControllerContext controllerContext, ActionResult actionResult)
   在 System.Web.Mvc.ControllerActionInvoker.InvokeActionResultFilterRecursive(IList`1 filters, Int32 filterIndex, ResultExecutingContext preContext, ControllerContext controllerContext, ActionResult actionResult)
   在 System.Web.Mvc.ControllerActionInvoker.InvokeActionResultWithFilters(ControllerContext controllerContext, IList`1 filters, ActionResult actionResult)
   在 System.Web.Mvc.Async.AsyncControllerActionInvoker.<>c__DisplayClass21.<>c__DisplayClass2b.<BeginInvokeAction>b__1c()
   在 System.Web.Mvc.Async.AsyncControllerActionInvoker.<>c__DisplayClass21.<BeginInvokeAction>b__1e(IAsyncResult asyncResult)



 记录时间：2018-04-02 19:35:33,677 
日志级别：  ERROR 
出错类：Himall.Web.Framework.BaseController.OnException  
错误描述：页面未捕获的异常：Area:Admin,Controller:Member,Action:ManagementAuth,id:Get:post: 

Microsoft.CSharp.RuntimeBinder.RuntimeBinderException: “Himall.DTO.MemberGrade”未包含“MemberGradeId”的定义
   在 CallSite.Target(Closure , CallSite , Object )
   在 System.Dynamic.UpdateDelegates.UpdateAndExecute1[T0,TRet](CallSite site, T0 arg0)
   在 ASP._Page_Areas_Admin_Views_Member_ManagementAuth_cshtml.Execute() 位置 c:\Users\QINWEI\Desktop\2.7\himall2.7\himall2.7x\Himall.Web\Areas\Admin\Views\Member\ManagementAuth.cshtml:行号 120
   在 System.Web.WebPages.WebPageBase.ExecutePageHierarchy()
   在 System.Web.Mvc.WebViewPage.ExecutePageHierarchy()
   在 System.Web.WebPages.StartPage.RunPage()
   在 System.Web.WebPages.StartPage.ExecutePageHierarchy()
   在 System.Web.WebPages.WebPageBase.ExecutePageHierarchy(WebPageContext pageContext, TextWriter writer, WebPageRenderingBase startPage)
   在 System.Web.Mvc.RazorView.RenderView(ViewContext viewContext, TextWriter writer, Object instance)
   在 System.Web.Mvc.BuildManagerCompiledView.Render(ViewContext viewContext, TextWriter writer)
   在 System.Web.Mvc.ViewResultBase.ExecuteResult(ControllerContext context)
   在 System.Web.Mvc.ControllerActionInvoker.InvokeActionResult(ControllerContext controllerContext, ActionResult actionResult)
   在 System.Web.Mvc.ControllerActionInvoker.InvokeActionResultFilterRecursive(IList`1 filters, Int32 filterIndex, ResultExecutingContext preContext, ControllerContext controllerContext, ActionResult actionResult)
   在 System.Web.Mvc.ControllerActionInvoker.InvokeActionResultFilterRecursive(IList`1 filters, Int32 filterIndex, ResultExecutingContext preContext, ControllerContext controllerContext, ActionResult actionResult)
   在 System.Web.Mvc.ControllerActionInvoker.InvokeActionResultFilterRecursive(IList`1 filters, Int32 filterIndex, ResultExecutingContext preContext, ControllerContext controllerContext, ActionResult actionResult)
   在 System.Web.Mvc.ControllerActionInvoker.InvokeActionResultWithFilters(ControllerContext controllerContext, IList`1 filters, ActionResult actionResult)
   在 System.Web.Mvc.Async.AsyncControllerActionInvoker.<>c__DisplayClass21.<>c__DisplayClass2b.<BeginInvokeAction>b__1c()
   在 System.Web.Mvc.Async.AsyncControllerActionInvoker.<>c__DisplayClass21.<BeginInvokeAction>b__1e(IAsyncResult asyncResult)



 记录时间：2018-04-02 19:35:35,342 
日志级别：  ERROR 
出错类：Himall.Web.Framework.BaseController.OnException  
错误描述：页面未捕获的异常：Area:Admin,Controller:Member,Action:ManagementAuth,id:Get:post: 

System.Web.HttpCompileException (0x80004005): c:\Users\QINWEI\Desktop\2.7\himall2.7\himall2.7x\Himall.Web\Areas\Admin\Views\Member\ManagementAuth.cshtml(122): error CS1928: “System.Web.Mvc.HtmlHelper<dynamic>”不包含“RadioButton”的定义，并且最佳扩展方法重载“System.Web.Mvc.Html.InputExtensions.RadioButton(System.Web.Mvc.HtmlHelper, string, object)”的某些参数无效
   在 System.Web.Compilation.AssemblyBuilder.Compile()
   在 System.Web.Compilation.BuildProvidersCompiler.PerformBuild()
   在 System.Web.Compilation.BuildManager.CompileWebFile(VirtualPath virtualPath)
   在 System.Web.Compilation.BuildManager.GetVPathBuildResultInternal(VirtualPath virtualPath, Boolean noBuild, Boolean allowCrossApp, Boolean allowBuildInPrecompile, Boolean throwIfNotFound, Boolean ensureIsUpToDate)
   在 System.Web.Compilation.BuildManager.GetVPathBuildResultWithNoAssert(HttpContext context, VirtualPath virtualPath, Boolean noBuild, Boolean allowCrossApp, Boolean allowBuildInPrecompile, Boolean throwIfNotFound, Boolean ensureIsUpToDate)
   在 System.Web.Compilation.BuildManager.GetVirtualPathObjectFactory(VirtualPath virtualPath, HttpContext context, Boolean allowCrossApp, Boolean throwIfNotFound)
   在 System.Web.Compilation.BuildManager.GetCompiledType(VirtualPath virtualPath)
   在 System.Web.Compilation.BuildManager.GetCompiledType(String virtualPath)
   在 System.Web.Mvc.BuildManagerWrapper.System.Web.Mvc.IBuildManager.GetCompiledType(String virtualPath)
   在 System.Web.Mvc.BuildManagerCompiledView.Render(ViewContext viewContext, TextWriter writer)
   在 System.Web.Mvc.ViewResultBase.ExecuteResult(ControllerContext context)
   在 System.Web.Mvc.ControllerActionInvoker.InvokeActionResult(ControllerContext controllerContext, ActionResult actionResult)
   在 System.Web.Mvc.ControllerActionInvoker.InvokeActionResultFilterRecursive(IList`1 filters, Int32 filterIndex, ResultExecutingContext preContext, ControllerContext controllerContext, ActionResult actionResult)
   在 System.Web.Mvc.ControllerActionInvoker.InvokeActionResultFilterRecursive(IList`1 filters, Int32 filterIndex, ResultExecutingContext preContext, ControllerContext controllerContext, ActionResult actionResult)
   在 System.Web.Mvc.ControllerActionInvoker.InvokeActionResultFilterRecursive(IList`1 filters, Int32 filterIndex, ResultExecutingContext preContext, ControllerContext controllerContext, ActionResult actionResult)
   在 System.Web.Mvc.ControllerActionInvoker.InvokeActionResultWithFilters(ControllerContext controllerContext, IList`1 filters, ActionResult actionResult)
   在 System.Web.Mvc.Async.AsyncControllerActionInvoker.<>c__DisplayClass21.<>c__DisplayClass2b.<BeginInvokeAction>b__1c()
   在 System.Web.Mvc.Async.AsyncControllerActionInvoker.<>c__DisplayClass21.<BeginInvokeAction>b__1e(IAsyncResult asyncResult)



 记录时间：2018-04-02 19:35:38,231 
日志级别：  ERROR 
出错类：Himall.Core.PluginsManagement.InstallDll  
错误描述：插件复制失败(C:\Users\QINWEI\Desktop\2.7\himall2.7\himall2.7x\Himall.Web\plugins\Payment\Himall.Plugin.Payment.Alipay.Base.dll)！ 

System.IO.FileNotFoundException: 未找到插件Himall.Plugin.Payment.Alipay.Base的配置文件
   在 Himall.Core.PluginsManagement.AddPluginInfo(FileInfo dllFile)
   在 Himall.Core.PluginsManagement.InstallDll(String dllFileName)



 记录时间：2018-04-02 19:36:23,263 
日志级别：  ERROR 
出错类：Himall.Web.Framework.BaseController.OnException  
错误描述：页面未捕获的异常：Area:Admin,Controller:Member,Action:ManagementAuth,id:Get:post: 

Microsoft.CSharp.RuntimeBinder.RuntimeBinderException: “long”未包含“toTring”的定义
   在 CallSite.Target(Closure , CallSite , Object )
   在 System.Dynamic.UpdateDelegates.UpdateAndExecute1[T0,TRet](CallSite site, T0 arg0)
   在 ASP._Page_Areas_Admin_Views_Member_ManagementAuth_cshtml.Execute() 位置 c:\Users\QINWEI\Desktop\2.7\himall2.7\himall2.7x\Himall.Web\Areas\Admin\Views\Member\ManagementAuth.cshtml:行号 119
   在 System.Web.WebPages.WebPageBase.ExecutePageHierarchy()
   在 System.Web.Mvc.WebViewPage.ExecutePageHierarchy()
   在 System.Web.WebPages.StartPage.RunPage()
   在 System.Web.WebPages.StartPage.ExecutePageHierarchy()
   在 System.Web.WebPages.WebPageBase.ExecutePageHierarchy(WebPageContext pageContext, TextWriter writer, WebPageRenderingBase startPage)
   在 System.Web.Mvc.RazorView.RenderView(ViewContext viewContext, TextWriter writer, Object instance)
   在 System.Web.Mvc.BuildManagerCompiledView.Render(ViewContext viewContext, TextWriter writer)
   在 System.Web.Mvc.ViewResultBase.ExecuteResult(ControllerContext context)
   在 System.Web.Mvc.ControllerActionInvoker.InvokeActionResult(ControllerContext controllerContext, ActionResult actionResult)
   在 System.Web.Mvc.ControllerActionInvoker.InvokeActionResultFilterRecursive(IList`1 filters, Int32 filterIndex, ResultExecutingContext preContext, ControllerContext controllerContext, ActionResult actionResult)
   在 System.Web.Mvc.ControllerActionInvoker.InvokeActionResultFilterRecursive(IList`1 filters, Int32 filterIndex, ResultExecutingContext preContext, ControllerContext controllerContext, ActionResult actionResult)
   在 System.Web.Mvc.ControllerActionInvoker.InvokeActionResultFilterRecursive(IList`1 filters, Int32 filterIndex, ResultExecutingContext preContext, ControllerContext controllerContext, ActionResult actionResult)
   在 System.Web.Mvc.ControllerActionInvoker.InvokeActionResultWithFilters(ControllerContext controllerContext, IList`1 filters, ActionResult actionResult)
   在 System.Web.Mvc.Async.AsyncControllerActionInvoker.<>c__DisplayClass21.<>c__DisplayClass2b.<BeginInvokeAction>b__1c()
   在 System.Web.Mvc.Async.AsyncControllerActionInvoker.<>c__DisplayClass21.<BeginInvokeAction>b__1e(IAsyncResult asyncResult)



 记录时间：2018-04-02 19:40:26,274 
日志级别：  ERROR 
出错类：Himall.Web.Framework.BaseController.OnException  
错误描述：页面未捕获的异常：Area:Admin,Controller:Member,Action:ManagementAuth,id:Get:post: 

Microsoft.CSharp.RuntimeBinder.RuntimeBinderException: “long”未包含“toTring”的定义
   在 CallSite.Target(Closure , CallSite , Object )
   在 ASP._Page_Areas_Admin_Views_Member_ManagementAuth_cshtml.Execute() 位置 c:\Users\QINWEI\Desktop\2.7\himall2.7\himall2.7x\Himall.Web\Areas\Admin\Views\Member\ManagementAuth.cshtml:行号 119
   在 System.Web.WebPages.WebPageBase.ExecutePageHierarchy()
   在 System.Web.Mvc.WebViewPage.ExecutePageHierarchy()
   在 System.Web.WebPages.StartPage.RunPage()
   在 System.Web.WebPages.StartPage.ExecutePageHierarchy()
   在 System.Web.WebPages.WebPageBase.ExecutePageHierarchy(WebPageContext pageContext, TextWriter writer, WebPageRenderingBase startPage)
   在 System.Web.Mvc.RazorView.RenderView(ViewContext viewContext, TextWriter writer, Object instance)
   在 System.Web.Mvc.BuildManagerCompiledView.Render(ViewContext viewContext, TextWriter writer)
   在 System.Web.Mvc.ViewResultBase.ExecuteResult(ControllerContext context)
   在 System.Web.Mvc.ControllerActionInvoker.InvokeActionResult(ControllerContext controllerContext, ActionResult actionResult)
   在 System.Web.Mvc.ControllerActionInvoker.InvokeActionResultFilterRecursive(IList`1 filters, Int32 filterIndex, ResultExecutingContext preContext, ControllerContext controllerContext, ActionResult actionResult)
   在 System.Web.Mvc.ControllerActionInvoker.InvokeActionResultFilterRecursive(IList`1 filters, Int32 filterIndex, ResultExecutingContext preContext, ControllerContext controllerContext, ActionResult actionResult)
   在 System.Web.Mvc.ControllerActionInvoker.InvokeActionResultFilterRecursive(IList`1 filters, Int32 filterIndex, ResultExecutingContext preContext, ControllerContext controllerContext, ActionResult actionResult)
   在 System.Web.Mvc.ControllerActionInvoker.InvokeActionResultWithFilters(ControllerContext controllerContext, IList`1 filters, ActionResult actionResult)
   在 System.Web.Mvc.Async.AsyncControllerActionInvoker.<>c__DisplayClass21.<>c__DisplayClass2b.<BeginInvokeAction>b__1c()
   在 System.Web.Mvc.Async.AsyncControllerActionInvoker.<>c__DisplayClass21.<BeginInvokeAction>b__1e(IAsyncResult asyncResult)



 记录时间：2018-04-02 19:45:06,597 
日志级别：  ERROR 
出错类：Himall.Web.Framework.BaseController.OnException  
错误描述：页面未捕获的异常：Area:Admin,Controller:Manager,Action:update,id:Get:post:MemberGradeId=7 

System.NotSupportedException: LINQ to Entities 不支持指定的类型成员“MemberGradeId”。只支持初始值设定项、实体成员和实体导航属性。
   在 System.Data.Entity.Core.Objects.ELinq.ExpressionConverter.MemberAccessTranslator.TypedTranslate(ExpressionConverter parent, MemberExpression linq)
   在 System.Data.Entity.Core.Objects.ELinq.ExpressionConverter.TypedTranslator`1.Translate(ExpressionConverter parent, Expression linq)
   在 System.Data.Entity.Core.Objects.ELinq.ExpressionConverter.TranslateExpression(Expression linq)
   在 System.Data.Entity.Core.Objects.ELinq.ExpressionConverter.EqualsTranslator.TypedTranslate(ExpressionConverter parent, BinaryExpression linq)
   在 System.Data.Entity.Core.Objects.ELinq.ExpressionConverter.TypedTranslator`1.Translate(ExpressionConverter parent, Expression linq)
   在 System.Data.Entity.Core.Objects.ELinq.ExpressionConverter.TranslateExpression(Expression linq)
   在 System.Data.Entity.Core.Objects.ELinq.ExpressionConverter.TranslateLambda(LambdaExpression lambda, DbExpression input)
   在 System.Data.Entity.Core.Objects.ELinq.ExpressionConverter.TranslateLambda(LambdaExpression lambda, DbExpression input, DbExpressionBinding& binding)
   在 System.Data.Entity.Core.Objects.ELinq.ExpressionConverter.MethodCallTranslator.OneLambdaTranslator.Translate(ExpressionConverter parent, MethodCallExpression call, DbExpression& source, DbExpressionBinding& sourceBinding, DbExpression& lambda)
   在 System.Data.Entity.Core.Objects.ELinq.ExpressionConverter.MethodCallTranslator.FirstPredicateTranslatorBase.Translate(ExpressionConverter parent, MethodCallExpression call)
   在 System.Data.Entity.Core.Objects.ELinq.ExpressionConverter.MethodCallTranslator.SequenceMethodTranslator.Translate(ExpressionConverter parent, MethodCallExpression call, SequenceMethod sequenceMethod)
   在 System.Data.Entity.Core.Objects.ELinq.ExpressionConverter.MethodCallTranslator.TypedTranslate(ExpressionConverter parent, MethodCallExpression linq)
   在 System.Data.Entity.Core.Objects.ELinq.ExpressionConverter.TypedTranslator`1.Translate(ExpressionConverter parent, Expression linq)
   在 System.Data.Entity.Core.Objects.ELinq.ExpressionConverter.TranslateExpression(Expression linq)
   在 System.Data.Entity.Core.Objects.ELinq.ExpressionConverter.Convert()
   在 System.Data.Entity.Core.Objects.ELinq.ELinqQueryState.GetExecutionPlan(Nullable`1 forMergeOption)
   在 System.Data.Entity.Core.Objects.ObjectQuery`1.<>c__DisplayClass7.<GetResults>b__6()
   在 System.Data.Entity.Core.Objects.ObjectContext.ExecuteInTransaction[T](Func`1 func, IDbExecutionStrategy executionStrategy, Boolean startLocalTransaction, Boolean releaseConnectionOnSuccess)
   在 System.Data.Entity.Core.Objects.ObjectQuery`1.<>c__DisplayClass7.<GetResults>b__5()
   在 System.Data.Entity.Infrastructure.DefaultExecutionStrategy.Execute[TResult](Func`1 operation)
   在 System.Data.Entity.Core.Objects.ObjectQuery`1.GetResults(Nullable`1 forMergeOption)
   在 System.Data.Entity.Core.Objects.ObjectQuery`1.<System.Collections.Generic.IEnumerable<T>.GetEnumerator>b__0()
   在 System.Data.Entity.Internal.LazyEnumerator`1.MoveNext()
   在 System.Linq.Enumerable.FirstOrDefault[TSource](IEnumerable`1 source)
   在 System.Data.Entity.Core.Objects.ELinq.ObjectQueryProvider.<GetElementFunction>b__1[TResult](IEnumerable`1 sequence)
   在 System.Data.Entity.Core.Objects.ELinq.ObjectQueryProvider.ExecuteSingle[TResult](IEnumerable`1 query, Expression queryRoot)
   在 System.Data.Entity.Core.Objects.ELinq.ObjectQueryProvider.System.Linq.IQueryProvider.Execute[TResult](Expression expression)
   在 System.Data.Entity.Internal.Linq.DbQueryProvider.Execute[TResult](Expression expression)
   在 System.Linq.Queryable.FirstOrDefault[TSource](IQueryable`1 source, Expression`1 predicate)
   在 Himall.Service.ManagerService.Update(ManagerInfo model) 位置 C:\Users\QINWEI\Desktop\2.7\himall2.7\himall2.7x\Himall.Service\System\ManagerService.cs:行号 458
   在 Himall.Web.Areas.Admin.Controllers.ManagerController.Update(ManagerInfo model) 位置 C:\Users\QINWEI\Desktop\2.7\himall2.7\himall2.7x\Himall.Web\Areas\Admin\Controllers\ManagerController.cs:行号 64
   在 lambda_method(Closure , ControllerBase , Object[] )
   在 System.Web.Mvc.ActionMethodDispatcher.Execute(ControllerBase controller, Object[] parameters)
   在 System.Web.Mvc.ReflectedActionDescriptor.Execute(ControllerContext controllerContext, IDictionary`2 parameters)
   在 System.Web.Mvc.ControllerActionInvoker.InvokeActionMethod(ControllerContext controllerContext, ActionDescriptor actionDescriptor, IDictionary`2 parameters)
   在 System.Web.Mvc.Async.AsyncControllerActionInvoker.<BeginInvokeSynchronousActionMethod>b__39(IAsyncResult asyncResult, ActionInvocation innerInvokeState)
   在 System.Web.Mvc.Async.AsyncResultWrapper.WrappedAsyncResult`2.CallEndDelegate(IAsyncResult asyncResult)
   在 System.Web.Mvc.Async.AsyncResultWrapper.WrappedAsyncResultBase`1.End()
   在 System.Web.Mvc.Async.AsyncControllerActionInvoker.EndInvokeActionMethod(IAsyncResult asyncResult)
   在 System.Web.Mvc.Async.AsyncControllerActionInvoker.AsyncInvocationWithFilters.<InvokeActionMethodFilterAsynchronouslyRecursive>b__3d()
   在 System.Web.Mvc.Async.AsyncControllerActionInvoker.AsyncInvocationWithFilters.<>c__DisplayClass46.<InvokeActionMethodFilterAsynchronouslyRecursive>b__3f()
   在 System.Web.Mvc.Async.AsyncControllerActionInvoker.AsyncInvocationWithFilters.<>c__DisplayClass46.<InvokeActionMethodFilterAsynchronouslyRecursive>b__3f()
   在 System.Web.Mvc.Async.AsyncControllerActionInvoker.<>c__DisplayClass33.<BeginInvokeActionMethodWithFilters>b__32(IAsyncResult asyncResult)
   在 System.Web.Mvc.Async.AsyncResultWrapper.WrappedAsyncResult`1.CallEndDelegate(IAsyncResult asyncResult)
   在 System.Web.Mvc.Async.AsyncResultWrapper.WrappedAsyncResultBase`1.End()
   在 System.Web.Mvc.Async.AsyncControllerActionInvoker.EndInvokeActionMethodWithFilters(IAsyncResult asyncResult)
   在 System.Web.Mvc.Async.AsyncControllerActionInvoker.<>c__DisplayClass21.<>c__DisplayClass2b.<BeginInvokeAction>b__1c()
   在 System.Web.Mvc.Async.AsyncControllerActionInvoker.<>c__DisplayClass21.<BeginInvokeAction>b__1e(IAsyncResult asyncResult)



 记录时间：2018-04-02 19:46:04,448 
日志级别：  ERROR 
出错类：Himall.Web.Framework.BaseController.OnException  
错误描述：页面未捕获的异常：Area:Admin,Controller:Manager,Action:update,id:Get:post:MemberGradeId=7 

System.NotSupportedException: LINQ to Entities 不支持指定的类型成员“MemberGradeId”。只支持初始值设定项、实体成员和实体导航属性。
   在 System.Data.Entity.Core.Objects.ELinq.ExpressionConverter.MemberAccessTranslator.TypedTranslate(ExpressionConverter parent, MemberExpression linq)
   在 System.Data.Entity.Core.Objects.ELinq.ExpressionConverter.TypedTranslator`1.Translate(ExpressionConverter parent, Expression linq)
   在 System.Data.Entity.Core.Objects.ELinq.ExpressionConverter.TranslateExpression(Expression linq)
   在 System.Data.Entity.Core.Objects.ELinq.ExpressionConverter.EqualsTranslator.TypedTranslate(ExpressionConverter parent, BinaryExpression linq)
   在 System.Data.Entity.Core.Objects.ELinq.ExpressionConverter.TypedTranslator`1.Translate(ExpressionConverter parent, Expression linq)
   在 System.Data.Entity.Core.Objects.ELinq.ExpressionConverter.TranslateExpression(Expression linq)
   在 System.Data.Entity.Core.Objects.ELinq.ExpressionConverter.TranslateLambda(LambdaExpression lambda, DbExpression input)
   在 System.Data.Entity.Core.Objects.ELinq.ExpressionConverter.TranslateLambda(LambdaExpression lambda, DbExpression input, DbExpressionBinding& binding)
   在 System.Data.Entity.Core.Objects.ELinq.ExpressionConverter.MethodCallTranslator.OneLambdaTranslator.Translate(ExpressionConverter parent, MethodCallExpression call, DbExpression& source, DbExpressionBinding& sourceBinding, DbExpression& lambda)
   在 System.Data.Entity.Core.Objects.ELinq.ExpressionConverter.MethodCallTranslator.FirstPredicateTranslatorBase.Translate(ExpressionConverter parent, MethodCallExpression call)
   在 System.Data.Entity.Core.Objects.ELinq.ExpressionConverter.MethodCallTranslator.SequenceMethodTranslator.Translate(ExpressionConverter parent, MethodCallExpression call, SequenceMethod sequenceMethod)
   在 System.Data.Entity.Core.Objects.ELinq.ExpressionConverter.MethodCallTranslator.TypedTranslate(ExpressionConverter parent, MethodCallExpression linq)
   在 System.Data.Entity.Core.Objects.ELinq.ExpressionConverter.TypedTranslator`1.Translate(ExpressionConverter parent, Expression linq)
   在 System.Data.Entity.Core.Objects.ELinq.ExpressionConverter.TranslateExpression(Expression linq)
   在 System.Data.Entity.Core.Objects.ELinq.ExpressionConverter.Convert()
   在 System.Data.Entity.Core.Objects.ELinq.ELinqQueryState.GetExecutionPlan(Nullable`1 forMergeOption)
   在 System.Data.Entity.Core.Objects.ObjectQuery`1.<>c__DisplayClass7.<GetResults>b__6()
   在 System.Data.Entity.Core.Objects.ObjectContext.ExecuteInTransaction[T](Func`1 func, IDbExecutionStrategy executionStrategy, Boolean startLocalTransaction, Boolean releaseConnectionOnSuccess)
   在 System.Data.Entity.Core.Objects.ObjectQuery`1.<>c__DisplayClass7.<GetResults>b__5()
   在 System.Data.Entity.Infrastructure.DefaultExecutionStrategy.Execute[TResult](Func`1 operation)
   在 System.Data.Entity.Core.Objects.ObjectQuery`1.GetResults(Nullable`1 forMergeOption)
   在 System.Data.Entity.Core.Objects.ObjectQuery`1.<System.Collections.Generic.IEnumerable<T>.GetEnumerator>b__0()
   在 System.Data.Entity.Internal.LazyEnumerator`1.MoveNext()
   在 System.Linq.Enumerable.FirstOrDefault[TSource](IEnumerable`1 source)
   在 System.Data.Entity.Core.Objects.ELinq.ObjectQueryProvider.<GetElementFunction>b__1[TResult](IEnumerable`1 sequence)
   在 System.Data.Entity.Core.Objects.ELinq.ObjectQueryProvider.ExecuteSingle[TResult](IEnumerable`1 query, Expression queryRoot)
   在 System.Data.Entity.Core.Objects.ELinq.ObjectQueryProvider.System.Linq.IQueryProvider.Execute[TResult](Expression expression)
   在 System.Data.Entity.Internal.Linq.DbQueryProvider.Execute[TResult](Expression expression)
   在 System.Linq.Queryable.FirstOrDefault[TSource](IQueryable`1 source, Expression`1 predicate)
   在 Himall.Service.ManagerService.Update(ManagerInfo model) 位置 C:\Users\QINWEI\Desktop\2.7\himall2.7\himall2.7x\Himall.Service\System\ManagerService.cs:行号 458
   在 Himall.Web.Areas.Admin.Controllers.ManagerController.Update(ManagerInfo model) 位置 C:\Users\QINWEI\Desktop\2.7\himall2.7\himall2.7x\Himall.Web\Areas\Admin\Controllers\ManagerController.cs:行号 64
   在 lambda_method(Closure , ControllerBase , Object[] )
   在 System.Web.Mvc.ActionMethodDispatcher.Execute(ControllerBase controller, Object[] parameters)
   在 System.Web.Mvc.ReflectedActionDescriptor.Execute(ControllerContext controllerContext, IDictionary`2 parameters)
   在 System.Web.Mvc.ControllerActionInvoker.InvokeActionMethod(ControllerContext controllerContext, ActionDescriptor actionDescriptor, IDictionary`2 parameters)
   在 System.Web.Mvc.Async.AsyncControllerActionInvoker.<BeginInvokeSynchronousActionMethod>b__39(IAsyncResult asyncResult, ActionInvocation innerInvokeState)
   在 System.Web.Mvc.Async.AsyncResultWrapper.WrappedAsyncResult`2.CallEndDelegate(IAsyncResult asyncResult)
   在 System.Web.Mvc.Async.AsyncResultWrapper.WrappedAsyncResultBase`1.End()
   在 System.Web.Mvc.Async.AsyncControllerActionInvoker.EndInvokeActionMethod(IAsyncResult asyncResult)
   在 System.Web.Mvc.Async.AsyncControllerActionInvoker.AsyncInvocationWithFilters.<InvokeActionMethodFilterAsynchronouslyRecursive>b__3d()
   在 System.Web.Mvc.Async.AsyncControllerActionInvoker.AsyncInvocationWithFilters.<>c__DisplayClass46.<InvokeActionMethodFilterAsynchronouslyRecursive>b__3f()
   在 System.Web.Mvc.Async.AsyncControllerActionInvoker.AsyncInvocationWithFilters.<>c__DisplayClass46.<InvokeActionMethodFilterAsynchronouslyRecursive>b__3f()
   在 System.Web.Mvc.Async.AsyncControllerActionInvoker.<>c__DisplayClass33.<BeginInvokeActionMethodWithFilters>b__32(IAsyncResult asyncResult)
   在 System.Web.Mvc.Async.AsyncResultWrapper.WrappedAsyncResult`1.CallEndDelegate(IAsyncResult asyncResult)
   在 System.Web.Mvc.Async.AsyncResultWrapper.WrappedAsyncResultBase`1.End()
   在 System.Web.Mvc.Async.AsyncControllerActionInvoker.EndInvokeActionMethodWithFilters(IAsyncResult asyncResult)
   在 System.Web.Mvc.Async.AsyncControllerActionInvoker.<>c__DisplayClass21.<>c__DisplayClass2b.<BeginInvokeAction>b__1c()
   在 System.Web.Mvc.Async.AsyncControllerActionInvoker.<>c__DisplayClass21.<BeginInvokeAction>b__1e(IAsyncResult asyncResult)



 记录时间：2018-04-02 19:49:41,900 
日志级别：  ERROR 
出错类：Himall.Core.PluginsManagement.InstallDll  
错误描述：插件复制失败(C:\Users\QINWEI\Desktop\2.7\himall2.7\himall2.7x\Himall.Web\plugins\Payment\Himall.Plugin.Payment.Alipay.Base.dll)！ 

System.IO.FileNotFoundException: 未找到插件Himall.Plugin.Payment.Alipay.Base的配置文件
   在 Himall.Core.PluginsManagement.AddPluginInfo(FileInfo dllFile)
   在 Himall.Core.PluginsManagement.InstallDll(String dllFileName)



 记录时间：2018-04-02 20:01:10,605 
日志级别：  ERROR 
出错类：Himall.Core.PluginsManagement.InstallDll  
错误描述：插件复制失败(C:\Users\QINWEI\Desktop\2.7\himall2.7\himall2.7x\Himall.Web\plugins\Payment\Himall.Plugin.Payment.Alipay.Base.dll)！ 

System.IO.FileNotFoundException: 未找到插件Himall.Plugin.Payment.Alipay.Base的配置文件
   在 Himall.Core.PluginsManagement.AddPluginInfo(FileInfo dllFile)
   在 Himall.Core.PluginsManagement.InstallDll(String dllFileName)



 记录时间：2018-04-02 20:02:31,841 
日志级别：  ERROR 
出错类：Himall.Web.Framework.BaseController.OnException  
错误描述：页面未捕获的异常：Area:Admin,Controller:Manager,Action:update,id:Get:post:MemberGradeId=7 

System.NullReferenceException: 未将对象引用设置到对象的实例。
   在 Himall.Service.ManagerService.Update(ManagerInfo model) 位置 C:\Users\QINWEI\Desktop\2.7\himall2.7\himall2.7x\Himall.Service\System\ManagerService.cs:行号 460
   在 Himall.Web.Areas.Admin.Controllers.ManagerController.Update(ManagerInfo model) 位置 C:\Users\QINWEI\Desktop\2.7\himall2.7\himall2.7x\Himall.Web\Areas\Admin\Controllers\ManagerController.cs:行号 64
   在 lambda_method(Closure , ControllerBase , Object[] )
   在 System.Web.Mvc.ActionMethodDispatcher.Execute(ControllerBase controller, Object[] parameters)
   在 System.Web.Mvc.ReflectedActionDescriptor.Execute(ControllerContext controllerContext, IDictionary`2 parameters)
   在 System.Web.Mvc.ControllerActionInvoker.InvokeActionMethod(ControllerContext controllerContext, ActionDescriptor actionDescriptor, IDictionary`2 parameters)
   在 System.Web.Mvc.Async.AsyncControllerActionInvoker.<BeginInvokeSynchronousActionMethod>b__39(IAsyncResult asyncResult, ActionInvocation innerInvokeState)
   在 System.Web.Mvc.Async.AsyncResultWrapper.WrappedAsyncResult`2.CallEndDelegate(IAsyncResult asyncResult)
   在 System.Web.Mvc.Async.AsyncResultWrapper.WrappedAsyncResultBase`1.End()
   在 System.Web.Mvc.Async.AsyncControllerActionInvoker.EndInvokeActionMethod(IAsyncResult asyncResult)
   在 System.Web.Mvc.Async.AsyncControllerActionInvoker.AsyncInvocationWithFilters.<InvokeActionMethodFilterAsynchronouslyRecursive>b__3d()
   在 System.Web.Mvc.Async.AsyncControllerActionInvoker.AsyncInvocationWithFilters.<>c__DisplayClass46.<InvokeActionMethodFilterAsynchronouslyRecursive>b__3f()
   在 System.Web.Mvc.Async.AsyncControllerActionInvoker.AsyncInvocationWithFilters.<>c__DisplayClass46.<InvokeActionMethodFilterAsynchronouslyRecursive>b__3f()
   在 System.Web.Mvc.Async.AsyncControllerActionInvoker.<>c__DisplayClass33.<BeginInvokeActionMethodWithFilters>b__32(IAsyncResult asyncResult)
   在 System.Web.Mvc.Async.AsyncResultWrapper.WrappedAsyncResult`1.CallEndDelegate(IAsyncResult asyncResult)
   在 System.Web.Mvc.Async.AsyncResultWrapper.WrappedAsyncResultBase`1.End()
   在 System.Web.Mvc.Async.AsyncControllerActionInvoker.EndInvokeActionMethodWithFilters(IAsyncResult asyncResult)
   在 System.Web.Mvc.Async.AsyncControllerActionInvoker.<>c__DisplayClass21.<>c__DisplayClass2b.<BeginInvokeAction>b__1c()
   在 System.Web.Mvc.Async.AsyncControllerActionInvoker.<>c__DisplayClass21.<BeginInvokeAction>b__1e(IAsyncResult asyncResult)



 记录时间：2018-04-02 20:05:14,630 
日志级别：  ERROR 
出错类：Himall.Core.PluginsManagement.InstallDll  
错误描述：插件复制失败(C:\Users\QINWEI\Desktop\2.7\himall2.7\himall2.7x\Himall.Web\plugins\Payment\Himall.Plugin.Payment.Alipay.Base.dll)！ 

System.IO.FileNotFoundException: 未找到插件Himall.Plugin.Payment.Alipay.Base的配置文件
   在 Himall.Core.PluginsManagement.AddPluginInfo(FileInfo dllFile)
   在 Himall.Core.PluginsManagement.InstallDll(String dllFileName)



 记录时间：2018-04-02 20:06:17,823 
日志级别：  ERROR 
出错类：Himall.Web.Framework.BaseController.OnException  
错误描述：页面未捕获的异常：Area:Admin,Controller:Manager,Action:update,id:Get:post:MemberGradeId=7 

System.NullReferenceException: 未将对象引用设置到对象的实例。
   在 Himall.Service.ManagerService.Update(ManagerInfo model) 位置 C:\Users\QINWEI\Desktop\2.7\himall2.7\himall2.7x\Himall.Service\System\ManagerService.cs:行号 460
   在 Himall.Web.Areas.Admin.Controllers.ManagerController.Update(ManagerInfo model) 位置 C:\Users\QINWEI\Desktop\2.7\himall2.7\himall2.7x\Himall.Web\Areas\Admin\Controllers\ManagerController.cs:行号 64
   在 lambda_method(Closure , ControllerBase , Object[] )
   在 System.Web.Mvc.ActionMethodDispatcher.Execute(ControllerBase controller, Object[] parameters)
   在 System.Web.Mvc.ReflectedActionDescriptor.Execute(ControllerContext controllerContext, IDictionary`2 parameters)
   在 System.Web.Mvc.ControllerActionInvoker.InvokeActionMethod(ControllerContext controllerContext, ActionDescriptor actionDescriptor, IDictionary`2 parameters)
   在 System.Web.Mvc.Async.AsyncControllerActionInvoker.<BeginInvokeSynchronousActionMethod>b__39(IAsyncResult asyncResult, ActionInvocation innerInvokeState)
   在 System.Web.Mvc.Async.AsyncResultWrapper.WrappedAsyncResult`2.CallEndDelegate(IAsyncResult asyncResult)
   在 System.Web.Mvc.Async.AsyncResultWrapper.WrappedAsyncResultBase`1.End()
   在 System.Web.Mvc.Async.AsyncControllerActionInvoker.EndInvokeActionMethod(IAsyncResult asyncResult)
   在 System.Web.Mvc.Async.AsyncControllerActionInvoker.AsyncInvocationWithFilters.<InvokeActionMethodFilterAsynchronouslyRecursive>b__3d()
   在 System.Web.Mvc.Async.AsyncControllerActionInvoker.AsyncInvocationWithFilters.<>c__DisplayClass46.<InvokeActionMethodFilterAsynchronouslyRecursive>b__3f()
   在 System.Web.Mvc.Async.AsyncControllerActionInvoker.AsyncInvocationWithFilters.<>c__DisplayClass46.<InvokeActionMethodFilterAsynchronouslyRecursive>b__3f()
   在 System.Web.Mvc.Async.AsyncControllerActionInvoker.<>c__DisplayClass33.<BeginInvokeActionMethodWithFilters>b__32(IAsyncResult asyncResult)
   在 System.Web.Mvc.Async.AsyncResultWrapper.WrappedAsyncResult`1.CallEndDelegate(IAsyncResult asyncResult)
   在 System.Web.Mvc.Async.AsyncResultWrapper.WrappedAsyncResultBase`1.End()
   在 System.Web.Mvc.Async.AsyncControllerActionInvoker.EndInvokeActionMethodWithFilters(IAsyncResult asyncResult)
   在 System.Web.Mvc.Async.AsyncControllerActionInvoker.<>c__DisplayClass21.<>c__DisplayClass2b.<BeginInvokeAction>b__1c()
   在 System.Web.Mvc.Async.AsyncControllerActionInvoker.<>c__DisplayClass21.<BeginInvokeAction>b__1e(IAsyncResult asyncResult)



 记录时间：2018-04-02 20:13:24,375 
日志级别：  ERROR 
出错类：Himall.Core.PluginsManagement.InstallDll  
错误描述：插件复制失败(C:\Users\QINWEI\Desktop\2.7\himall2.7\himall2.7x\Himall.Web\plugins\Payment\Himall.Plugin.Payment.Alipay.Base.dll)！ 

System.IO.FileNotFoundException: 未找到插件Himall.Plugin.Payment.Alipay.Base的配置文件
   在 Himall.Core.PluginsManagement.AddPluginInfo(FileInfo dllFile)
   在 Himall.Core.PluginsManagement.InstallDll(String dllFileName)



 记录时间：2018-04-02 20:14:06,500 
日志级别：  ERROR 
出错类：Himall.Core.PluginsManagement.InstallDll  
错误描述：插件复制失败(C:\Users\QINWEI\Desktop\2.7\himall2.7\himall2.7x\Himall.Web\plugins\Payment\Himall.Plugin.Payment.Alipay.Base.dll)！ 

System.IO.FileNotFoundException: 未找到插件Himall.Plugin.Payment.Alipay.Base的配置文件
   在 Himall.Core.PluginsManagement.AddPluginInfo(FileInfo dllFile)
   在 Himall.Core.PluginsManagement.InstallDll(String dllFileName)



 记录时间：2018-04-02 20:14:48,491 
日志级别：  ERROR 
出错类：Himall.Core.PluginsManagement.InstallDll  
错误描述：插件复制失败(C:\Users\QINWEI\Desktop\2.7\himall2.7\himall2.7x\Himall.Web\plugins\Payment\Himall.Plugin.Payment.Alipay.Base.dll)！ 

System.IO.FileNotFoundException: 未找到插件Himall.Plugin.Payment.Alipay.Base的配置文件
   在 Himall.Core.PluginsManagement.AddPluginInfo(FileInfo dllFile)
   在 Himall.Core.PluginsManagement.InstallDll(String dllFileName)
