


 记录时间：2018-03-26 11:17:48,126 
日志级别：  ERROR 
出错类：Himall.Core.PluginsManagement.InstallDll  
错误描述：插件复制失败(C:\Users\QINWEI\Desktop\2.7\himall2.7\himall2.7x\Himall.Web\plugins\Payment\Himall.Plugin.Payment.Alipay.Base.dll)！ 

System.IO.FileNotFoundException: 未找到插件Himall.Plugin.Payment.Alipay.Base的配置文件
   在 Himall.Core.PluginsManagement.AddPluginInfo(FileInfo dllFile)
   在 Himall.Core.PluginsManagement.InstallDll(String dllFileName)



 记录时间：2018-03-26 18:26:01,840 
日志级别：  ERROR 
出错类：Himall.Core.PluginsManagement.InstallDll  
错误描述：插件复制失败(C:\Users\QINWEI\Desktop\2.7\himall2.7\himall2.7x\Himall.Web\plugins\Payment\Himall.Plugin.Payment.Alipay.Base.dll)！ 

System.IO.FileNotFoundException: 未找到插件Himall.Plugin.Payment.Alipay.Base的配置文件
   在 Himall.Core.PluginsManagement.AddPluginInfo(FileInfo dllFile)
   在 Himall.Core.PluginsManagement.InstallDll(String dllFileName)



 记录时间：2018-03-26 18:34:30,516 
日志级别：  ERROR 
出错类：Himall.Plugin.Message.Email.SendMail.SendEmail  
错误描述：[邮件发送]失败：2528883877@qq.com 

System.Net.Mail.SmtpException: 参数或变量中有语法错误。 服务器响应为:mail from address must be same as authorization user
   在 System.Net.Mail.MailCommand.CheckResponse(SmtpStatusCode statusCode, String response)
   在 System.Net.Mail.MailCommand.Send(SmtpConnection conn, Byte[] command, MailAddress from, Boolean allowUnicode)
   在 System.Net.Mail.SmtpTransport.SendMail(MailAddress sender, MailAddressCollection recipients, String deliveryNotify, Boolean allowUnicode, SmtpFailedRecipientException& exception)
   在 System.Net.Mail.SmtpClient.Send(MailMessage message)
   在 Himall.Plugin.Message.Email.SendMail.SendEmail(String title, String[] mailto, String content, Boolean async)
