


 记录时间：2018-04-26 00:48:15,784 
日志级别：  INFO  
出错类：Himall.PaymentPlugin.PaymentBase`1[T].set_WorkDirectory  
错误描述：set WorkDirectory:Himall.Plugin.Payment.Alipay.Service 




 记录时间：2018-04-26 00:48:15,805 
日志级别：  INFO  
出错类：Himall.PaymentPlugin.PaymentBase`1[T].set_WorkDirectory  
错误描述：set WorkDirectory:Himall.Plugin.Payment.Alipay_App.Service 




 记录时间：2018-04-26 00:48:15,825 
日志级别：  INFO  
出错类：Himall.PaymentPlugin.PaymentBase`1[T].set_WorkDirectory  
错误描述：set WorkDirectory:Himall.Plugin.Payment.Alipay_QRCode.Service 




 记录时间：2018-04-26 00:48:15,843 
日志级别：  INFO  
出错类：Himall.PaymentPlugin.PaymentBase`1[T].set_WorkDirectory  
错误描述：set WorkDirectory:Himall.Plugin.Payment.Alipay_WAP.Service 




 记录时间：2018-04-26 00:48:15,863 
日志级别：  INFO  
出错类：Himall.PaymentPlugin.PaymentBase`1[T].set_WorkDirectory  
错误描述：set WorkDirectory:Himall.Plugin.Payment.UnionPay.UnionPay 




 记录时间：2018-04-26 00:48:15,881 
日志级别：  INFO  
出错类：Himall.PaymentPlugin.PaymentBase`1[T].set_WorkDirectory  
错误描述：set WorkDirectory:Himall.Plugin.Payment.WeiXinPay.Service 




 记录时间：2018-04-26 00:48:15,900 
日志级别：  INFO  
出错类：Himall.PaymentPlugin.PaymentBase`1[T].set_WorkDirectory  
错误描述：set WorkDirectory:Himall.Plugin.Payment.WeiXinPay_Native.WeiXinPay 




 记录时间：2018-04-26 08:51:09,496 
日志级别：  INFO  
出错类：Himall.PaymentPlugin.PaymentBase`1[T].set_WorkDirectory  
错误描述：set WorkDirectory:Himall.Plugin.Payment.Alipay.Service 




 记录时间：2018-04-26 08:51:09,506 
日志级别：  INFO  
出错类：Himall.PaymentPlugin.PaymentBase`1[T].set_WorkDirectory  
错误描述：set WorkDirectory:Himall.Plugin.Payment.Alipay_App.Service 




 记录时间：2018-04-26 08:51:09,515 
日志级别：  INFO  
出错类：Himall.PaymentPlugin.PaymentBase`1[T].set_WorkDirectory  
错误描述：set WorkDirectory:Himall.Plugin.Payment.Alipay_QRCode.Service 




 记录时间：2018-04-26 08:51:09,524 
日志级别：  INFO  
出错类：Himall.PaymentPlugin.PaymentBase`1[T].set_WorkDirectory  
错误描述：set WorkDirectory:Himall.Plugin.Payment.Alipay_WAP.Service 




 记录时间：2018-04-26 08:51:09,532 
日志级别：  INFO  
出错类：Himall.PaymentPlugin.PaymentBase`1[T].set_WorkDirectory  
错误描述：set WorkDirectory:Himall.Plugin.Payment.UnionPay.UnionPay 




 记录时间：2018-04-26 08:51:09,554 
日志级别：  INFO  
出错类：Himall.PaymentPlugin.PaymentBase`1[T].set_WorkDirectory  
错误描述：set WorkDirectory:Himall.Plugin.Payment.WeiXinPay.Service 




 记录时间：2018-04-26 08:51:09,564 
日志级别：  INFO  
出错类：Himall.PaymentPlugin.PaymentBase`1[T].set_WorkDirectory  
错误描述：set WorkDirectory:Himall.Plugin.Payment.WeiXinPay_Native.WeiXinPay 




 记录时间：2018-04-26 11:20:50,131 
日志级别：  INFO  
出错类：Himall.PaymentPlugin.PaymentBase`1[T].set_WorkDirectory  
错误描述：set WorkDirectory:Himall.Plugin.Payment.Alipay.Service 




 记录时间：2018-04-26 11:20:50,137 
日志级别：  INFO  
出错类：Himall.PaymentPlugin.PaymentBase`1[T].set_WorkDirectory  
错误描述：set WorkDirectory:Himall.Plugin.Payment.Alipay_App.Service 




 记录时间：2018-04-26 11:20:50,145 
日志级别：  INFO  
出错类：Himall.PaymentPlugin.PaymentBase`1[T].set_WorkDirectory  
错误描述：set WorkDirectory:Himall.Plugin.Payment.Alipay_QRCode.Service 




 记录时间：2018-04-26 11:20:50,151 
日志级别：  INFO  
出错类：Himall.PaymentPlugin.PaymentBase`1[T].set_WorkDirectory  
错误描述：set WorkDirectory:Himall.Plugin.Payment.Alipay_WAP.Service 




 记录时间：2018-04-26 11:20:50,157 
日志级别：  INFO  
出错类：Himall.PaymentPlugin.PaymentBase`1[T].set_WorkDirectory  
错误描述：set WorkDirectory:Himall.Plugin.Payment.UnionPay.UnionPay 




 记录时间：2018-04-26 11:20:50,162 
日志级别：  INFO  
出错类：Himall.PaymentPlugin.PaymentBase`1[T].set_WorkDirectory  
错误描述：set WorkDirectory:Himall.Plugin.Payment.WeiXinPay.Service 




 记录时间：2018-04-26 11:20:50,168 
日志级别：  INFO  
出错类：Himall.PaymentPlugin.PaymentBase`1[T].set_WorkDirectory  
错误描述：set WorkDirectory:Himall.Plugin.Payment.WeiXinPay_Native.WeiXinPay 




 记录时间：2018-04-26 11:21:38,102 
日志级别：  INFO  
出错类：Himall.Web.MvcApplication.Application_End  
错误描述：2018/4/26 11:21:38 -  http://localhost:60362 




 记录时间：2018-04-26 11:21:43,051 
日志级别：  INFO  
出错类：Himall.PaymentPlugin.PaymentBase`1[T].set_WorkDirectory  
错误描述：set WorkDirectory:Himall.Plugin.Payment.Alipay.Service 




 记录时间：2018-04-26 11:21:43,067 
日志级别：  INFO  
出错类：Himall.PaymentPlugin.PaymentBase`1[T].set_WorkDirectory  
错误描述：set WorkDirectory:Himall.Plugin.Payment.Alipay_App.Service 




 记录时间：2018-04-26 11:21:43,071 
日志级别：  INFO  
出错类：Himall.PaymentPlugin.PaymentBase`1[T].set_WorkDirectory  
错误描述：set WorkDirectory:Himall.Plugin.Payment.Alipay_QRCode.Service 




 记录时间：2018-04-26 11:21:43,076 
日志级别：  INFO  
出错类：Himall.PaymentPlugin.PaymentBase`1[T].set_WorkDirectory  
错误描述：set WorkDirectory:Himall.Plugin.Payment.Alipay_WAP.Service 




 记录时间：2018-04-26 11:21:43,080 
日志级别：  INFO  
出错类：Himall.PaymentPlugin.PaymentBase`1[T].set_WorkDirectory  
错误描述：set WorkDirectory:Himall.Plugin.Payment.UnionPay.UnionPay 




 记录时间：2018-04-26 11:21:43,084 
日志级别：  INFO  
出错类：Himall.PaymentPlugin.PaymentBase`1[T].set_WorkDirectory  
错误描述：set WorkDirectory:Himall.Plugin.Payment.WeiXinPay.Service 




 记录时间：2018-04-26 11:21:43,087 
日志级别：  INFO  
出错类：Himall.PaymentPlugin.PaymentBase`1[T].set_WorkDirectory  
错误描述：set WorkDirectory:Himall.Plugin.Payment.WeiXinPay_Native.WeiXinPay 




 记录时间：2018-04-26 11:21:56,861 
日志级别：  INFO  
出错类：Himall.Web.MvcApplication.Application_End  
错误描述：2018/4/26 11:21:56 -  http://localhost:60362 




 记录时间：2018-04-26 11:22:00,482 
日志级别：  INFO  
出错类：Himall.PaymentPlugin.PaymentBase`1[T].set_WorkDirectory  
错误描述：set WorkDirectory:Himall.Plugin.Payment.Alipay.Service 




 记录时间：2018-04-26 11:22:00,486 
日志级别：  INFO  
出错类：Himall.PaymentPlugin.PaymentBase`1[T].set_WorkDirectory  
错误描述：set WorkDirectory:Himall.Plugin.Payment.Alipay_App.Service 




 记录时间：2018-04-26 11:22:00,489 
日志级别：  INFO  
出错类：Himall.PaymentPlugin.PaymentBase`1[T].set_WorkDirectory  
错误描述：set WorkDirectory:Himall.Plugin.Payment.Alipay_QRCode.Service 




 记录时间：2018-04-26 11:22:00,492 
日志级别：  INFO  
出错类：Himall.PaymentPlugin.PaymentBase`1[T].set_WorkDirectory  
错误描述：set WorkDirectory:Himall.Plugin.Payment.Alipay_WAP.Service 




 记录时间：2018-04-26 11:22:00,495 
日志级别：  INFO  
出错类：Himall.PaymentPlugin.PaymentBase`1[T].set_WorkDirectory  
错误描述：set WorkDirectory:Himall.Plugin.Payment.UnionPay.UnionPay 




 记录时间：2018-04-26 11:22:00,499 
日志级别：  INFO  
出错类：Himall.PaymentPlugin.PaymentBase`1[T].set_WorkDirectory  
错误描述：set WorkDirectory:Himall.Plugin.Payment.WeiXinPay.Service 




 记录时间：2018-04-26 11:22:00,503 
日志级别：  INFO  
出错类：Himall.PaymentPlugin.PaymentBase`1[T].set_WorkDirectory  
错误描述：set WorkDirectory:Himall.Plugin.Payment.WeiXinPay_Native.WeiXinPay 




 记录时间：2018-04-26 11:24:06,170 
日志级别：  INFO  
出错类：Himall.Web.MvcApplication.Application_End  
错误描述：2018/4/26 11:24:06 -  http://localhost:60362 




 记录时间：2018-04-26 11:24:32,067 
日志级别：  INFO  
出错类：Himall.PaymentPlugin.PaymentBase`1[T].set_WorkDirectory  
错误描述：set WorkDirectory:Himall.Plugin.Payment.Alipay.Service 




 记录时间：2018-04-26 11:24:32,074 
日志级别：  INFO  
出错类：Himall.PaymentPlugin.PaymentBase`1[T].set_WorkDirectory  
错误描述：set WorkDirectory:Himall.Plugin.Payment.Alipay_App.Service 




 记录时间：2018-04-26 11:24:32,100 
日志级别：  INFO  
出错类：Himall.PaymentPlugin.PaymentBase`1[T].set_WorkDirectory  
错误描述：set WorkDirectory:Himall.Plugin.Payment.Alipay_QRCode.Service 




 记录时间：2018-04-26 11:24:32,131 
日志级别：  INFO  
出错类：Himall.PaymentPlugin.PaymentBase`1[T].set_WorkDirectory  
错误描述：set WorkDirectory:Himall.Plugin.Payment.Alipay_WAP.Service 




 记录时间：2018-04-26 11:24:32,146 
日志级别：  INFO  
出错类：Himall.PaymentPlugin.PaymentBase`1[T].set_WorkDirectory  
错误描述：set WorkDirectory:Himall.Plugin.Payment.UnionPay.UnionPay 




 记录时间：2018-04-26 11:24:32,199 
日志级别：  INFO  
出错类：Himall.PaymentPlugin.PaymentBase`1[T].set_WorkDirectory  
错误描述：set WorkDirectory:Himall.Plugin.Payment.WeiXinPay.Service 




 记录时间：2018-04-26 11:24:32,221 
日志级别：  INFO  
出错类：Himall.PaymentPlugin.PaymentBase`1[T].set_WorkDirectory  
错误描述：set WorkDirectory:Himall.Plugin.Payment.WeiXinPay_Native.WeiXinPay 




 记录时间：2018-04-26 13:58:06,858 
日志级别：  INFO  
出错类：Himall.PaymentPlugin.PaymentBase`1[T].set_WorkDirectory  
错误描述：set WorkDirectory:Himall.Plugin.Payment.Alipay.Service 




 记录时间：2018-04-26 13:58:06,865 
日志级别：  INFO  
出错类：Himall.PaymentPlugin.PaymentBase`1[T].set_WorkDirectory  
错误描述：set WorkDirectory:Himall.Plugin.Payment.Alipay_App.Service 




 记录时间：2018-04-26 13:58:06,872 
日志级别：  INFO  
出错类：Himall.PaymentPlugin.PaymentBase`1[T].set_WorkDirectory  
错误描述：set WorkDirectory:Himall.Plugin.Payment.Alipay_QRCode.Service 




 记录时间：2018-04-26 13:58:06,881 
日志级别：  INFO  
出错类：Himall.PaymentPlugin.PaymentBase`1[T].set_WorkDirectory  
错误描述：set WorkDirectory:Himall.Plugin.Payment.Alipay_WAP.Service 




 记录时间：2018-04-26 13:58:06,887 
日志级别：  INFO  
出错类：Himall.PaymentPlugin.PaymentBase`1[T].set_WorkDirectory  
错误描述：set WorkDirectory:Himall.Plugin.Payment.UnionPay.UnionPay 




 记录时间：2018-04-26 13:58:06,893 
日志级别：  INFO  
出错类：Himall.PaymentPlugin.PaymentBase`1[T].set_WorkDirectory  
错误描述：set WorkDirectory:Himall.Plugin.Payment.WeiXinPay.Service 




 记录时间：2018-04-26 13:58:06,899 
日志级别：  INFO  
出错类：Himall.PaymentPlugin.PaymentBase`1[T].set_WorkDirectory  
错误描述：set WorkDirectory:Himall.Plugin.Payment.WeiXinPay_Native.WeiXinPay 




 记录时间：2018-04-26 14:14:16,012 
日志级别：  INFO  
出错类：Himall.PaymentPlugin.PaymentBase`1[T].set_WorkDirectory  
错误描述：set WorkDirectory:Himall.Plugin.Payment.Alipay.Service 




 记录时间：2018-04-26 14:14:16,020 
日志级别：  INFO  
出错类：Himall.PaymentPlugin.PaymentBase`1[T].set_WorkDirectory  
错误描述：set WorkDirectory:Himall.Plugin.Payment.Alipay_App.Service 




 记录时间：2018-04-26 14:14:16,026 
日志级别：  INFO  
出错类：Himall.PaymentPlugin.PaymentBase`1[T].set_WorkDirectory  
错误描述：set WorkDirectory:Himall.Plugin.Payment.Alipay_QRCode.Service 




 记录时间：2018-04-26 14:14:16,032 
日志级别：  INFO  
出错类：Himall.PaymentPlugin.PaymentBase`1[T].set_WorkDirectory  
错误描述：set WorkDirectory:Himall.Plugin.Payment.Alipay_WAP.Service 




 记录时间：2018-04-26 14:14:16,039 
日志级别：  INFO  
出错类：Himall.PaymentPlugin.PaymentBase`1[T].set_WorkDirectory  
错误描述：set WorkDirectory:Himall.Plugin.Payment.UnionPay.UnionPay 




 记录时间：2018-04-26 14:14:16,046 
日志级别：  INFO  
出错类：Himall.PaymentPlugin.PaymentBase`1[T].set_WorkDirectory  
错误描述：set WorkDirectory:Himall.Plugin.Payment.WeiXinPay.Service 




 记录时间：2018-04-26 14:14:16,053 
日志级别：  INFO  
出错类：Himall.PaymentPlugin.PaymentBase`1[T].set_WorkDirectory  
错误描述：set WorkDirectory:Himall.Plugin.Payment.WeiXinPay_Native.WeiXinPay 

